---------------------------------------------------------------
[ 2018-06-05T13:47:20+08:00 ] 127.0.0.1 127.0.0.1 POST /admin/index/clearcache.html
[ info ] 127.0.0.1/admin/index/clearcache.html [运行时间：0.355368s][吞吐率：2.81req/s] [内存消耗：2,524.26kb] [文件加载：55]
[ info ] [ LANG ] D:\web\point\thinkphp\lang\zh-cn.php
[ info ] [ ROUTE ] array (
  'type' => 'module',
  'module' => 
  array (
    0 => 'admin',
    1 => 'index',
    2 => 'clearcache',
  ),
)
[ info ] [ HEADER ] array (
  'host' => '127.0.0.1',
  'connection' => 'keep-alive',
  'content-length' => '20',
  'accept' => '*/*',
  'origin' => 'http://127.0.0.1',
  'x-requested-with' => 'XMLHttpRequest',
  'user-agent' => 'Mozilla/5.0 (Windows NT 10.0; Win64; x64) AppleWebKit/537.36 (KHTML, like Gecko) Chrome/63.0.3239.108 Safari/537.36',
  'content-type' => 'application/x-www-form-urlencoded; charset=UTF-8',
  'referer' => 'http://127.0.0.1/admin/index/index.html',
  'accept-encoding' => 'gzip, deflate, br',
  'accept-language' => 'zh-CN,zh;q=0.9',
  'cookie' => 'UM_distinctid=1621d47490c100d-0eafdf086d227a-2b0c3866-4a640-1621d47490dd28; session_id=26a0b83fde; PHPSESSID=a087mhecd2qsah7uklsav2fp60',
)
[ info ] [ PARAM ] array (
  'log' => '1',
  'temp' => '2',
  'cache' => '3',
)
[ info ] [ DB ] INIT mysql
[ info ] [ SESSION ] INIT array (
  'id' => '',
  'var_session_id' => '',
  'prefix' => 'think',
  'type' => '',
  'auto_start' => true,
)
[ info ] [ RUN ] app\admin\controller\Index->clearcache[ D:\web\point\module\admin\controller\Index.php ]
[ info ] [ LOG ] INIT File
[ sql ] [ DB ] CONNECT:[ UseTime:0.010495s ] mysql:host=127.0.0.1;port=3306;dbname=point;charset=utf8
[ sql ] [ SQL ] SHOW COLUMNS FROM `jcb_sys_config` [ RunTime:0.006150s ]
[ sql ] [ SQL ] SELECT `key`,`val` FROM `jcb_sys_config` WHERE  `ishead` = 0 [ RunTime:0.000421s ]
[ sql ] [ SQL ] SHOW COLUMNS FROM `jcb_sys_member` [ RunTime:0.006384s ]
[ sql ] [ SQL ] SELECT * FROM `jcb_sys_member` WHERE  `id` = 1 LIMIT 1 [ RunTime:0.000368s ]
[ sql ] [ SQL ] SHOW COLUMNS FROM `jcb_sys_menu_role` [ RunTime:0.006318s ]
[ sql ] [ SQL ] SELECT * FROM `jcb_sys_menu_role` WHERE  `id` = 1 LIMIT 1 [ RunTime:0.000676s ]
[ sql ] [ SQL ] SHOW COLUMNS FROM `jcb_sys_action_role` [ RunTime:0.006249s ]
[ sql ] [ SQL ] SELECT * FROM `jcb_sys_action_role` WHERE  `roleid` = 1  AND `action` = 'admin|index|clearcache' LIMIT 1 [ RunTime:0.000335s ]
---------------------------------------------------------------
[ 2018-06-05T13:47:22+08:00 ] 127.0.0.1 127.0.0.1 GET /admin/index/index.html
[ info ] 127.0.0.1/admin/index/index.html [运行时间：0.110919s][吞吐率：9.02req/s] [内存消耗：2,829.07kb] [文件加载：58]
[ info ] [ LANG ] D:\web\point\thinkphp\lang\zh-cn.php
[ info ] [ ROUTE ] array (
  'type' => 'module',
  'module' => 
  array (
    0 => 'admin',
    1 => 'index',
    2 => 'index',
  ),
)
[ info ] [ HEADER ] array (
  'host' => '127.0.0.1',
  'connection' => 'keep-alive',
  'cache-control' => 'max-age=0',
  'user-agent' => 'Mozilla/5.0 (Windows NT 10.0; Win64; x64) AppleWebKit/537.36 (KHTML, like Gecko) Chrome/63.0.3239.108 Safari/537.36',
  'upgrade-insecure-requests' => '1',
  'accept' => 'text/html,application/xhtml+xml,application/xml;q=0.9,image/webp,image/apng,*/*;q=0.8',
  'referer' => 'http://127.0.0.1/admin/login/index.html',
  'accept-encoding' => 'gzip, deflate, br',
  'accept-language' => 'zh-CN,zh;q=0.9',
  'cookie' => 'UM_distinctid=1621d47490c100d-0eafdf086d227a-2b0c3866-4a640-1621d47490dd28; session_id=26a0b83fde; PHPSESSID=a087mhecd2qsah7uklsav2fp60',
)
[ info ] [ PARAM ] array (
)
[ info ] [ DB ] INIT mysql
[ info ] [ SESSION ] INIT array (
  'id' => '',
  'var_session_id' => '',
  'prefix' => 'think',
  'type' => '',
  'auto_start' => true,
)
[ info ] [ RUN ] app\admin\controller\Index->index[ D:\web\point\module\admin\controller\Index.php ]
[ info ] [ VIEW ] D:\web\point\public/../module/admin\view\index\index.html [ array (
  0 => 'config',
  1 => 'member',
  2 => 'menu',
) ]
[ info ] [ LOG ] INIT File
[ sql ] [ DB ] CONNECT:[ UseTime:0.000749s ] mysql:host=127.0.0.1;port=3306;dbname=point;charset=utf8
[ sql ] [ SQL ] SHOW COLUMNS FROM `jcb_sys_config` [ RunTime:0.007526s ]
[ sql ] [ SQL ] SELECT `key`,`val` FROM `jcb_sys_config` WHERE  `ishead` = 0 [ RunTime:0.000379s ]
[ sql ] [ SQL ] SHOW COLUMNS FROM `jcb_sys_member` [ RunTime:0.005966s ]
[ sql ] [ SQL ] SELECT * FROM `jcb_sys_member` WHERE  `id` = 1 LIMIT 1 [ RunTime:0.000540s ]
[ sql ] [ SQL ] SHOW COLUMNS FROM `jcb_sys_menu_role` [ RunTime:0.006947s ]
[ sql ] [ SQL ] SELECT * FROM `jcb_sys_menu_role` WHERE  `id` = 1 LIMIT 1 [ RunTime:0.000266s ]
[ sql ] [ SQL ] SHOW COLUMNS FROM `jcb_sys_action_role` [ RunTime:0.006388s ]
[ sql ] [ SQL ] SELECT * FROM `jcb_sys_action_role` WHERE  `roleid` = 1  AND `action` = 'admin|index|index' LIMIT 1 [ RunTime:0.000611s ]
[ sql ] [ SQL ] SHOW COLUMNS FROM `jcb_sys_menu` [ RunTime:0.007973s ]
[ sql ] [ SQL ] SELECT * FROM `jcb_sys_menu` WHERE  `isshow` = 1  AND `id` IN (1,2,3,4,5,9,10,11,12,19,17,8,18,6,14,15,16,7,20,25,24,23,22,21,26,27) ORDER BY sort asc [ RunTime:0.000576s ]
---------------------------------------------------------------
[ 2018-06-05T13:47:22+08:00 ] 127.0.0.1 127.0.0.1 GET /uploads/20171230/e5038d874b758fa3b84a444b144e8b09.png
[ info ] 127.0.0.1/uploads/20171230/e5038d874b758fa3b84a444b144e8b09.png [运行时间：0.029704s][吞吐率：33.67req/s] [内存消耗：1,442.98kb] [文件加载：40]
[ info ] [ LANG ] D:\web\point\thinkphp\lang\zh-cn.php
[ info ] [ ROUTE ] array (
  'type' => 'module',
  'module' => 
  array (
    0 => 'uploads',
    1 => '20171230',
    2 => 'e5038d874b758fa3b84a444b144e8b09.png',
  ),
)
[ info ] [ HEADER ] array (
  'host' => '127.0.0.1',
  'connection' => 'keep-alive',
  'user-agent' => 'Mozilla/5.0 (Windows NT 10.0; Win64; x64) AppleWebKit/537.36 (KHTML, like Gecko) Chrome/63.0.3239.108 Safari/537.36',
  'accept' => 'image/webp,image/apng,image/*,*/*;q=0.8',
  'referer' => 'http://127.0.0.1/admin/index/index.html',
  'accept-encoding' => 'gzip, deflate, br',
  'accept-language' => 'zh-CN,zh;q=0.9',
  'cookie' => 'UM_distinctid=1621d47490c100d-0eafdf086d227a-2b0c3866-4a640-1621d47490dd28; session_id=26a0b83fde; PHPSESSID=a087mhecd2qsah7uklsav2fp60',
)
[ info ] [ PARAM ] array (
)
[ info ] [ LOG ] INIT File
---------------------------------------------------------------
[ 2018-06-05T13:47:22+08:00 ] 127.0.0.1 127.0.0.1 GET /admin/index/main
[ info ] 127.0.0.1/admin/index/main [运行时间：0.097680s][吞吐率：10.24req/s] [内存消耗：2,676.61kb] [文件加载：57]
[ info ] [ LANG ] D:\web\point\thinkphp\lang\zh-cn.php
[ info ] [ ROUTE ] array (
  'type' => 'module',
  'module' => 
  array (
    0 => 'admin',
    1 => 'index',
    2 => 'main',
  ),
)
[ info ] [ HEADER ] array (
  'host' => '127.0.0.1',
  'connection' => 'keep-alive',
  'upgrade-insecure-requests' => '1',
  'user-agent' => 'Mozilla/5.0 (Windows NT 10.0; Win64; x64) AppleWebKit/537.36 (KHTML, like Gecko) Chrome/63.0.3239.108 Safari/537.36',
  'accept' => 'text/html,application/xhtml+xml,application/xml;q=0.9,image/webp,image/apng,*/*;q=0.8',
  'referer' => 'http://127.0.0.1/admin/index/index.html',
  'accept-encoding' => 'gzip, deflate, br',
  'accept-language' => 'zh-CN,zh;q=0.9',
  'cookie' => 'UM_distinctid=1621d47490c100d-0eafdf086d227a-2b0c3866-4a640-1621d47490dd28; session_id=26a0b83fde; PHPSESSID=a087mhecd2qsah7uklsav2fp60',
)
[ info ] [ PARAM ] array (
)
[ info ] [ DB ] INIT mysql
[ info ] [ SESSION ] INIT array (
  'id' => '',
  'var_session_id' => '',
  'prefix' => 'think',
  'type' => '',
  'auto_start' => true,
)
[ info ] [ RUN ] app\admin\controller\Index->main[ D:\web\point\module\admin\controller\Index.php ]
[ info ] [ VIEW ] D:\web\point\public/../module/admin\view\index\main.html [ array (
  0 => 'config',
  1 => 'member',
  2 => 'info',
) ]
[ info ] [ LOG ] INIT File
[ sql ] [ DB ] CONNECT:[ UseTime:0.000613s ] mysql:host=127.0.0.1;port=3306;dbname=point;charset=utf8
[ sql ] [ SQL ] SHOW COLUMNS FROM `jcb_sys_config` [ RunTime:0.008141s ]
[ sql ] [ SQL ] SELECT `key`,`val` FROM `jcb_sys_config` WHERE  `ishead` = 0 [ RunTime:0.000302s ]
[ sql ] [ SQL ] SHOW COLUMNS FROM `jcb_sys_member` [ RunTime:0.005606s ]
[ sql ] [ SQL ] SELECT * FROM `jcb_sys_member` WHERE  `id` = 1 LIMIT 1 [ RunTime:0.000280s ]
[ sql ] [ SQL ] SHOW COLUMNS FROM `jcb_sys_menu_role` [ RunTime:0.007781s ]
[ sql ] [ SQL ] SELECT * FROM `jcb_sys_menu_role` WHERE  `id` = 1 LIMIT 1 [ RunTime:0.000263s ]
[ sql ] [ SQL ] SHOW COLUMNS FROM `jcb_sys_action_role` [ RunTime:0.005196s ]
[ sql ] [ SQL ] SELECT * FROM `jcb_sys_action_role` WHERE  `roleid` = 1  AND `action` = 'admin|index|main' LIMIT 1 [ RunTime:0.000269s ]
---------------------------------------------------------------
[ 2018-06-05T13:47:22+08:00 ] 127.0.0.1 127.0.0.1 GET /admin/config/edit
[ info ] 127.0.0.1/admin/config/edit [运行时间：0.106027s][吞吐率：9.43req/s] [内存消耗：2,748.71kb] [文件加载：58]
[ info ] [ LANG ] D:\web\point\thinkphp\lang\zh-cn.php
[ info ] [ ROUTE ] array (
  'type' => 'module',
  'module' => 
  array (
    0 => 'admin',
    1 => 'config',
    2 => 'edit',
  ),
)
[ info ] [ HEADER ] array (
  'host' => '127.0.0.1',
  'connection' => 'keep-alive',
  'upgrade-insecure-requests' => '1',
  'user-agent' => 'Mozilla/5.0 (Windows NT 10.0; Win64; x64) AppleWebKit/537.36 (KHTML, like Gecko) Chrome/63.0.3239.108 Safari/537.36',
  'accept' => 'text/html,application/xhtml+xml,application/xml;q=0.9,image/webp,image/apng,*/*;q=0.8',
  'referer' => 'http://127.0.0.1/admin/index/index.html',
  'accept-encoding' => 'gzip, deflate, br',
  'accept-language' => 'zh-CN,zh;q=0.9',
  'cookie' => 'UM_distinctid=1621d47490c100d-0eafdf086d227a-2b0c3866-4a640-1621d47490dd28; session_id=26a0b83fde; PHPSESSID=a087mhecd2qsah7uklsav2fp60',
)
[ info ] [ PARAM ] array (
)
[ info ] [ DB ] INIT mysql
[ info ] [ SESSION ] INIT array (
  'id' => '',
  'var_session_id' => '',
  'prefix' => 'think',
  'type' => '',
  'auto_start' => true,
)
[ info ] [ RUN ] app\admin\controller\Config->edit[ D:\web\point\module\admin\controller\Config.php ]
[ info ] [ VIEW ] D:\web\point\public/../module/admin\view\config\edit.html [ array (
  0 => 'config',
  1 => 'member',
  2 => 'list',
) ]
[ info ] [ LOG ] INIT File
[ sql ] [ DB ] CONNECT:[ UseTime:0.010410s ] mysql:host=127.0.0.1;port=3306;dbname=point;charset=utf8
[ sql ] [ SQL ] SHOW COLUMNS FROM `jcb_sys_config` [ RunTime:0.007830s ]
[ sql ] [ SQL ] SELECT `key`,`val` FROM `jcb_sys_config` WHERE  `ishead` = 0 [ RunTime:0.000350s ]
[ sql ] [ SQL ] SHOW COLUMNS FROM `jcb_sys_member` [ RunTime:0.008378s ]
[ sql ] [ SQL ] SELECT * FROM `jcb_sys_member` WHERE  `id` = 1 LIMIT 1 [ RunTime:0.000377s ]
[ sql ] [ SQL ] SHOW COLUMNS FROM `jcb_sys_menu_role` [ RunTime:0.006724s ]
[ sql ] [ SQL ] SELECT * FROM `jcb_sys_menu_role` WHERE  `id` = 1 LIMIT 1 [ RunTime:0.000264s ]
[ sql ] [ SQL ] SHOW COLUMNS FROM `jcb_sys_action_role` [ RunTime:0.008390s ]
[ sql ] [ SQL ] SELECT * FROM `jcb_sys_action_role` WHERE  `roleid` = 1  AND `action` = 'admin|config|edit' LIMIT 1 [ RunTime:0.000336s ]
[ sql ] [ SQL ] SHOW COLUMNS FROM `config` [ RunTime:0.006031s ]
[ sql ] [ SQL ] SELECT * FROM `config` [ RunTime:0.000285s ]
---------------------------------------------------------------
[ 2018-06-05T13:47:38+08:00 ] 127.0.0.1 127.0.0.1 GET /admin/index/index.html
[ info ] 127.0.0.1/admin/index/index.html [运行时间：0.102648s][吞吐率：9.74req/s] [内存消耗：2,654.73kb] [文件加载：56]
[ info ] [ LANG ] D:\web\point\thinkphp\lang\zh-cn.php
[ info ] [ ROUTE ] array (
  'type' => 'module',
  'module' => 
  array (
    0 => 'admin',
    1 => 'index',
    2 => 'index',
  ),
)
[ info ] [ HEADER ] array (
  'host' => '127.0.0.1',
  'connection' => 'keep-alive',
  'cache-control' => 'max-age=0',
  'user-agent' => 'Mozilla/5.0 (Windows NT 10.0; Win64; x64) AppleWebKit/537.36 (KHTML, like Gecko) Chrome/63.0.3239.108 Safari/537.36',
  'upgrade-insecure-requests' => '1',
  'accept' => 'text/html,application/xhtml+xml,application/xml;q=0.9,image/webp,image/apng,*/*;q=0.8',
  'referer' => 'http://127.0.0.1/admin/login/index.html',
  'accept-encoding' => 'gzip, deflate, br',
  'accept-language' => 'zh-CN,zh;q=0.9',
  'cookie' => 'UM_distinctid=1621d47490c100d-0eafdf086d227a-2b0c3866-4a640-1621d47490dd28; session_id=26a0b83fde; PHPSESSID=a087mhecd2qsah7uklsav2fp60',
)
[ info ] [ PARAM ] array (
)
[ info ] [ DB ] INIT mysql
[ info ] [ SESSION ] INIT array (
  'id' => '',
  'var_session_id' => '',
  'prefix' => 'think',
  'type' => '',
  'auto_start' => true,
)
[ info ] [ RUN ] app\admin\controller\Index->index[ D:\web\point\module\admin\controller\Index.php ]
[ info ] [ VIEW ] D:\web\point\public/../module/admin\view\index\index.html [ array (
  0 => 'config',
  1 => 'member',
  2 => 'menu',
) ]
[ info ] [ LOG ] INIT File
[ sql ] [ DB ] CONNECT:[ UseTime:0.001104s ] mysql:host=127.0.0.1;port=3306;dbname=point;charset=utf8
[ sql ] [ SQL ] SHOW COLUMNS FROM `jcb_sys_config` [ RunTime:0.008268s ]
[ sql ] [ SQL ] SELECT `key`,`val` FROM `jcb_sys_config` WHERE  `ishead` = 0 [ RunTime:0.000354s ]
[ sql ] [ SQL ] SHOW COLUMNS FROM `jcb_sys_member` [ RunTime:0.008455s ]
[ sql ] [ SQL ] SELECT * FROM `jcb_sys_member` WHERE  `id` = 1 LIMIT 1 [ RunTime:0.000329s ]
[ sql ] [ SQL ] SHOW COLUMNS FROM `jcb_sys_menu_role` [ RunTime:0.007353s ]
[ sql ] [ SQL ] SELECT * FROM `jcb_sys_menu_role` WHERE  `id` = 1 LIMIT 1 [ RunTime:0.000316s ]
[ sql ] [ SQL ] SHOW COLUMNS FROM `jcb_sys_action_role` [ RunTime:0.008957s ]
[ sql ] [ SQL ] SELECT * FROM `jcb_sys_action_role` WHERE  `roleid` = 1  AND `action` = 'admin|index|index' LIMIT 1 [ RunTime:0.000308s ]
[ sql ] [ SQL ] SHOW COLUMNS FROM `jcb_sys_menu` [ RunTime:0.006009s ]
[ sql ] [ SQL ] SELECT * FROM `jcb_sys_menu` WHERE  `isshow` = 1  AND `id` IN (1,2,3,4,5,9,10,11,12,19,17,8,18,6,14,15,16,7,20,25,24,23,22,21,26,27) ORDER BY sort asc [ RunTime:0.000735s ]
---------------------------------------------------------------
[ 2018-06-05T13:47:38+08:00 ] 127.0.0.1 127.0.0.1 GET /uploads/20171230/e5038d874b758fa3b84a444b144e8b09.png
[ info ] 127.0.0.1/uploads/20171230/e5038d874b758fa3b84a444b144e8b09.png [运行时间：0.033786s][吞吐率：29.60req/s] [内存消耗：1,442.98kb] [文件加载：40]
[ info ] [ LANG ] D:\web\point\thinkphp\lang\zh-cn.php
[ info ] [ ROUTE ] array (
  'type' => 'module',
  'module' => 
  array (
    0 => 'uploads',
    1 => '20171230',
    2 => 'e5038d874b758fa3b84a444b144e8b09.png',
  ),
)
[ info ] [ HEADER ] array (
  'host' => '127.0.0.1',
  'connection' => 'keep-alive',
  'user-agent' => 'Mozilla/5.0 (Windows NT 10.0; Win64; x64) AppleWebKit/537.36 (KHTML, like Gecko) Chrome/63.0.3239.108 Safari/537.36',
  'accept' => 'image/webp,image/apng,image/*,*/*;q=0.8',
  'referer' => 'http://127.0.0.1/admin/index/index.html',
  'accept-encoding' => 'gzip, deflate, br',
  'accept-language' => 'zh-CN,zh;q=0.9',
  'cookie' => 'UM_distinctid=1621d47490c100d-0eafdf086d227a-2b0c3866-4a640-1621d47490dd28; session_id=26a0b83fde; PHPSESSID=a087mhecd2qsah7uklsav2fp60',
)
[ info ] [ PARAM ] array (
)
[ info ] [ LOG ] INIT File
---------------------------------------------------------------
[ 2018-06-05T13:47:38+08:00 ] 127.0.0.1 127.0.0.1 GET /admin/index/main
[ info ] 127.0.0.1/admin/index/main [运行时间：0.093219s][吞吐率：10.73req/s] [内存消耗：2,526.30kb] [文件加载：55]
[ info ] [ LANG ] D:\web\point\thinkphp\lang\zh-cn.php
[ info ] [ ROUTE ] array (
  'type' => 'module',
  'module' => 
  array (
    0 => 'admin',
    1 => 'index',
    2 => 'main',
  ),
)
[ info ] [ HEADER ] array (
  'host' => '127.0.0.1',
  'connection' => 'keep-alive',
  'upgrade-insecure-requests' => '1',
  'user-agent' => 'Mozilla/5.0 (Windows NT 10.0; Win64; x64) AppleWebKit/537.36 (KHTML, like Gecko) Chrome/63.0.3239.108 Safari/537.36',
  'accept' => 'text/html,application/xhtml+xml,application/xml;q=0.9,image/webp,image/apng,*/*;q=0.8',
  'referer' => 'http://127.0.0.1/admin/index/index.html',
  'accept-encoding' => 'gzip, deflate, br',
  'accept-language' => 'zh-CN,zh;q=0.9',
  'cookie' => 'UM_distinctid=1621d47490c100d-0eafdf086d227a-2b0c3866-4a640-1621d47490dd28; session_id=26a0b83fde; PHPSESSID=a087mhecd2qsah7uklsav2fp60',
)
[ info ] [ PARAM ] array (
)
[ info ] [ DB ] INIT mysql
[ info ] [ SESSION ] INIT array (
  'id' => '',
  'var_session_id' => '',
  'prefix' => 'think',
  'type' => '',
  'auto_start' => true,
)
[ info ] [ RUN ] app\admin\controller\Index->main[ D:\web\point\module\admin\controller\Index.php ]
[ info ] [ VIEW ] D:\web\point\public/../module/admin\view\index\main.html [ array (
  0 => 'config',
  1 => 'member',
  2 => 'info',
) ]
[ info ] [ LOG ] INIT File
[ sql ] [ DB ] CONNECT:[ UseTime:0.000766s ] mysql:host=127.0.0.1;port=3306;dbname=point;charset=utf8
[ sql ] [ SQL ] SHOW COLUMNS FROM `jcb_sys_config` [ RunTime:0.010960s ]
[ sql ] [ SQL ] SELECT `key`,`val` FROM `jcb_sys_config` WHERE  `ishead` = 0 [ RunTime:0.000348s ]
[ sql ] [ SQL ] SHOW COLUMNS FROM `jcb_sys_member` [ RunTime:0.007727s ]
[ sql ] [ SQL ] SELECT * FROM `jcb_sys_member` WHERE  `id` = 1 LIMIT 1 [ RunTime:0.000305s ]
[ sql ] [ SQL ] SHOW COLUMNS FROM `jcb_sys_menu_role` [ RunTime:0.005562s ]
[ sql ] [ SQL ] SELECT * FROM `jcb_sys_menu_role` WHERE  `id` = 1 LIMIT 1 [ RunTime:0.000295s ]
[ sql ] [ SQL ] SHOW COLUMNS FROM `jcb_sys_action_role` [ RunTime:0.008189s ]
[ sql ] [ SQL ] SELECT * FROM `jcb_sys_action_role` WHERE  `roleid` = 1  AND `action` = 'admin|index|main' LIMIT 1 [ RunTime:0.000363s ]
---------------------------------------------------------------
[ 2018-06-05T13:47:39+08:00 ] 127.0.0.1 127.0.0.1 GET /admin/config/edit
[ info ] 127.0.0.1/admin/config/edit [运行时间：0.103861s][吞吐率：9.63req/s] [内存消耗：2,594.05kb] [文件加载：56]
[ info ] [ LANG ] D:\web\point\thinkphp\lang\zh-cn.php
[ info ] [ ROUTE ] array (
  'type' => 'module',
  'module' => 
  array (
    0 => 'admin',
    1 => 'config',
    2 => 'edit',
  ),
)
[ info ] [ HEADER ] array (
  'host' => '127.0.0.1',
  'connection' => 'keep-alive',
  'upgrade-insecure-requests' => '1',
  'user-agent' => 'Mozilla/5.0 (Windows NT 10.0; Win64; x64) AppleWebKit/537.36 (KHTML, like Gecko) Chrome/63.0.3239.108 Safari/537.36',
  'accept' => 'text/html,application/xhtml+xml,application/xml;q=0.9,image/webp,image/apng,*/*;q=0.8',
  'referer' => 'http://127.0.0.1/admin/index/index.html',
  'accept-encoding' => 'gzip, deflate, br',
  'accept-language' => 'zh-CN,zh;q=0.9',
  'cookie' => 'UM_distinctid=1621d47490c100d-0eafdf086d227a-2b0c3866-4a640-1621d47490dd28; session_id=26a0b83fde; PHPSESSID=a087mhecd2qsah7uklsav2fp60',
)
[ info ] [ PARAM ] array (
)
[ info ] [ DB ] INIT mysql
[ info ] [ SESSION ] INIT array (
  'id' => '',
  'var_session_id' => '',
  'prefix' => 'think',
  'type' => '',
  'auto_start' => true,
)
[ info ] [ RUN ] app\admin\controller\Config->edit[ D:\web\point\module\admin\controller\Config.php ]
[ info ] [ VIEW ] D:\web\point\public/../module/admin\view\config\edit.html [ array (
  0 => 'config',
  1 => 'member',
  2 => 'list',
) ]
[ info ] [ LOG ] INIT File
[ sql ] [ DB ] CONNECT:[ UseTime:0.011648s ] mysql:host=127.0.0.1;port=3306;dbname=point;charset=utf8
[ sql ] [ SQL ] SHOW COLUMNS FROM `jcb_sys_config` [ RunTime:0.007497s ]
[ sql ] [ SQL ] SELECT `key`,`val` FROM `jcb_sys_config` WHERE  `ishead` = 0 [ RunTime:0.000383s ]
[ sql ] [ SQL ] SHOW COLUMNS FROM `jcb_sys_member` [ RunTime:0.007854s ]
[ sql ] [ SQL ] SELECT * FROM `jcb_sys_member` WHERE  `id` = 1 LIMIT 1 [ RunTime:0.000533s ]
[ sql ] [ SQL ] SHOW COLUMNS FROM `jcb_sys_menu_role` [ RunTime:0.006136s ]
[ sql ] [ SQL ] SELECT * FROM `jcb_sys_menu_role` WHERE  `id` = 1 LIMIT 1 [ RunTime:0.000353s ]
[ sql ] [ SQL ] SHOW COLUMNS FROM `jcb_sys_action_role` [ RunTime:0.007373s ]
[ sql ] [ SQL ] SELECT * FROM `jcb_sys_action_role` WHERE  `roleid` = 1  AND `action` = 'admin|config|edit' LIMIT 1 [ RunTime:0.000552s ]
[ sql ] [ SQL ] SHOW COLUMNS FROM `config` [ RunTime:0.007297s ]
[ sql ] [ SQL ] SELECT * FROM `config` [ RunTime:0.000390s ]
---------------------------------------------------------------
[ 2018-06-05T13:48:32+08:00 ] 127.0.0.1 127.0.0.1 GET /admin/index/index.html
[ info ] 127.0.0.1/admin/index/index.html [运行时间：0.096981s][吞吐率：10.31req/s] [内存消耗：2,654.73kb] [文件加载：56]
[ info ] [ LANG ] D:\web\point\thinkphp\lang\zh-cn.php
[ info ] [ ROUTE ] array (
  'type' => 'module',
  'module' => 
  array (
    0 => 'admin',
    1 => 'index',
    2 => 'index',
  ),
)
[ info ] [ HEADER ] array (
  'host' => '127.0.0.1',
  'connection' => 'keep-alive',
  'cache-control' => 'max-age=0',
  'user-agent' => 'Mozilla/5.0 (Windows NT 10.0; Win64; x64) AppleWebKit/537.36 (KHTML, like Gecko) Chrome/63.0.3239.108 Safari/537.36',
  'upgrade-insecure-requests' => '1',
  'accept' => 'text/html,application/xhtml+xml,application/xml;q=0.9,image/webp,image/apng,*/*;q=0.8',
  'referer' => 'http://127.0.0.1/admin/login/index.html',
  'accept-encoding' => 'gzip, deflate, br',
  'accept-language' => 'zh-CN,zh;q=0.9',
  'cookie' => 'UM_distinctid=1621d47490c100d-0eafdf086d227a-2b0c3866-4a640-1621d47490dd28; session_id=26a0b83fde; PHPSESSID=a087mhecd2qsah7uklsav2fp60',
)
[ info ] [ PARAM ] array (
)
[ info ] [ DB ] INIT mysql
[ info ] [ SESSION ] INIT array (
  'id' => '',
  'var_session_id' => '',
  'prefix' => 'think',
  'type' => '',
  'auto_start' => true,
)
[ info ] [ RUN ] app\admin\controller\Index->index[ D:\web\point\module\admin\controller\Index.php ]
[ info ] [ VIEW ] D:\web\point\public/../module/admin\view\index\index.html [ array (
  0 => 'config',
  1 => 'member',
  2 => 'menu',
) ]
[ info ] [ LOG ] INIT File
[ sql ] [ DB ] CONNECT:[ UseTime:0.000916s ] mysql:host=127.0.0.1;port=3306;dbname=point;charset=utf8
[ sql ] [ SQL ] SHOW COLUMNS FROM `jcb_sys_config` [ RunTime:0.006664s ]
[ sql ] [ SQL ] SELECT `key`,`val` FROM `jcb_sys_config` WHERE  `ishead` = 0 [ RunTime:0.000379s ]
[ sql ] [ SQL ] SHOW COLUMNS FROM `jcb_sys_member` [ RunTime:0.006534s ]
[ sql ] [ SQL ] SELECT * FROM `jcb_sys_member` WHERE  `id` = 1 LIMIT 1 [ RunTime:0.000469s ]
[ sql ] [ SQL ] SHOW COLUMNS FROM `jcb_sys_menu_role` [ RunTime:0.008245s ]
[ sql ] [ SQL ] SELECT * FROM `jcb_sys_menu_role` WHERE  `id` = 1 LIMIT 1 [ RunTime:0.000731s ]
[ sql ] [ SQL ] SHOW COLUMNS FROM `jcb_sys_action_role` [ RunTime:0.012102s ]
[ sql ] [ SQL ] SELECT * FROM `jcb_sys_action_role` WHERE  `roleid` = 1  AND `action` = 'admin|index|index' LIMIT 1 [ RunTime:0.000575s ]
[ sql ] [ SQL ] SHOW COLUMNS FROM `jcb_sys_menu` [ RunTime:0.006658s ]
[ sql ] [ SQL ] SELECT * FROM `jcb_sys_menu` WHERE  `isshow` = 1  AND `id` IN (1,2,3,4,5,9,10,11,12,19,17,8,18,6,14,15,16,7,20,25,24,23,22,21,26,27) ORDER BY sort asc [ RunTime:0.000495s ]
---------------------------------------------------------------
[ 2018-06-05T13:48:32+08:00 ] 127.0.0.1 127.0.0.1 GET /uploads/20171230/e5038d874b758fa3b84a444b144e8b09.png
[ info ] 127.0.0.1/uploads/20171230/e5038d874b758fa3b84a444b144e8b09.png [运行时间：0.035034s][吞吐率：28.54req/s] [内存消耗：1,442.98kb] [文件加载：40]
[ info ] [ LANG ] D:\web\point\thinkphp\lang\zh-cn.php
[ info ] [ ROUTE ] array (
  'type' => 'module',
  'module' => 
  array (
    0 => 'uploads',
    1 => '20171230',
    2 => 'e5038d874b758fa3b84a444b144e8b09.png',
  ),
)
[ info ] [ HEADER ] array (
  'host' => '127.0.0.1',
  'connection' => 'keep-alive',
  'user-agent' => 'Mozilla/5.0 (Windows NT 10.0; Win64; x64) AppleWebKit/537.36 (KHTML, like Gecko) Chrome/63.0.3239.108 Safari/537.36',
  'accept' => 'image/webp,image/apng,image/*,*/*;q=0.8',
  'referer' => 'http://127.0.0.1/admin/index/index.html',
  'accept-encoding' => 'gzip, deflate, br',
  'accept-language' => 'zh-CN,zh;q=0.9',
  'cookie' => 'UM_distinctid=1621d47490c100d-0eafdf086d227a-2b0c3866-4a640-1621d47490dd28; session_id=26a0b83fde; PHPSESSID=a087mhecd2qsah7uklsav2fp60',
)
[ info ] [ PARAM ] array (
)
[ info ] [ LOG ] INIT File
---------------------------------------------------------------
[ 2018-06-05T13:48:32+08:00 ] 127.0.0.1 127.0.0.1 GET /admin/index/main
[ info ] 127.0.0.1/admin/index/main [运行时间：0.095520s][吞吐率：10.47req/s] [内存消耗：2,526.30kb] [文件加载：55]
[ info ] [ LANG ] D:\web\point\thinkphp\lang\zh-cn.php
[ info ] [ ROUTE ] array (
  'type' => 'module',
  'module' => 
  array (
    0 => 'admin',
    1 => 'index',
    2 => 'main',
  ),
)
[ info ] [ HEADER ] array (
  'host' => '127.0.0.1',
  'connection' => 'keep-alive',
  'upgrade-insecure-requests' => '1',
  'user-agent' => 'Mozilla/5.0 (Windows NT 10.0; Win64; x64) AppleWebKit/537.36 (KHTML, like Gecko) Chrome/63.0.3239.108 Safari/537.36',
  'accept' => 'text/html,application/xhtml+xml,application/xml;q=0.9,image/webp,image/apng,*/*;q=0.8',
  'referer' => 'http://127.0.0.1/admin/index/index.html',
  'accept-encoding' => 'gzip, deflate, br',
  'accept-language' => 'zh-CN,zh;q=0.9',
  'cookie' => 'UM_distinctid=1621d47490c100d-0eafdf086d227a-2b0c3866-4a640-1621d47490dd28; session_id=26a0b83fde; PHPSESSID=a087mhecd2qsah7uklsav2fp60',
)
[ info ] [ PARAM ] array (
)
[ info ] [ DB ] INIT mysql
[ info ] [ SESSION ] INIT array (
  'id' => '',
  'var_session_id' => '',
  'prefix' => 'think',
  'type' => '',
  'auto_start' => true,
)
[ info ] [ RUN ] app\admin\controller\Index->main[ D:\web\point\module\admin\controller\Index.php ]
[ info ] [ VIEW ] D:\web\point\public/../module/admin\view\index\main.html [ array (
  0 => 'config',
  1 => 'member',
  2 => 'info',
) ]
[ info ] [ LOG ] INIT File
[ sql ] [ DB ] CONNECT:[ UseTime:0.000656s ] mysql:host=127.0.0.1;port=3306;dbname=point;charset=utf8
[ sql ] [ SQL ] SHOW COLUMNS FROM `jcb_sys_config` [ RunTime:0.009369s ]
[ sql ] [ SQL ] SELECT `key`,`val` FROM `jcb_sys_config` WHERE  `ishead` = 0 [ RunTime:0.000483s ]
[ sql ] [ SQL ] SHOW COLUMNS FROM `jcb_sys_member` [ RunTime:0.010573s ]
[ sql ] [ SQL ] SELECT * FROM `jcb_sys_member` WHERE  `id` = 1 LIMIT 1 [ RunTime:0.000303s ]
[ sql ] [ SQL ] SHOW COLUMNS FROM `jcb_sys_menu_role` [ RunTime:0.005272s ]
[ sql ] [ SQL ] SELECT * FROM `jcb_sys_menu_role` WHERE  `id` = 1 LIMIT 1 [ RunTime:0.000240s ]
[ sql ] [ SQL ] SHOW COLUMNS FROM `jcb_sys_action_role` [ RunTime:0.010579s ]
[ sql ] [ SQL ] SELECT * FROM `jcb_sys_action_role` WHERE  `roleid` = 1  AND `action` = 'admin|index|main' LIMIT 1 [ RunTime:0.000290s ]
---------------------------------------------------------------
[ 2018-06-05T13:48:34+08:00 ] 127.0.0.1 127.0.0.1 GET /admin/config/edit
[ info ] 127.0.0.1/admin/config/edit [运行时间：0.099620s][吞吐率：10.04req/s] [内存消耗：2,594.04kb] [文件加载：56]
[ info ] [ LANG ] D:\web\point\thinkphp\lang\zh-cn.php
[ info ] [ ROUTE ] array (
  'type' => 'module',
  'module' => 
  array (
    0 => 'admin',
    1 => 'config',
    2 => 'edit',
  ),
)
[ info ] [ HEADER ] array (
  'host' => '127.0.0.1',
  'connection' => 'keep-alive',
  'upgrade-insecure-requests' => '1',
  'user-agent' => 'Mozilla/5.0 (Windows NT 10.0; Win64; x64) AppleWebKit/537.36 (KHTML, like Gecko) Chrome/63.0.3239.108 Safari/537.36',
  'accept' => 'text/html,application/xhtml+xml,application/xml;q=0.9,image/webp,image/apng,*/*;q=0.8',
  'referer' => 'http://127.0.0.1/admin/index/index.html',
  'accept-encoding' => 'gzip, deflate, br',
  'accept-language' => 'zh-CN,zh;q=0.9',
  'cookie' => 'UM_distinctid=1621d47490c100d-0eafdf086d227a-2b0c3866-4a640-1621d47490dd28; session_id=26a0b83fde; PHPSESSID=a087mhecd2qsah7uklsav2fp60',
)
[ info ] [ PARAM ] array (
)
[ info ] [ DB ] INIT mysql
[ info ] [ SESSION ] INIT array (
  'id' => '',
  'var_session_id' => '',
  'prefix' => 'think',
  'type' => '',
  'auto_start' => true,
)
[ info ] [ RUN ] app\admin\controller\Config->edit[ D:\web\point\module\admin\controller\Config.php ]
[ info ] [ VIEW ] D:\web\point\public/../module/admin\view\config\edit.html [ array (
  0 => 'config',
  1 => 'member',
  2 => 'list',
) ]
[ info ] [ LOG ] INIT File
[ sql ] [ DB ] CONNECT:[ UseTime:0.010432s ] mysql:host=127.0.0.1;port=3306;dbname=point;charset=utf8
[ sql ] [ SQL ] SHOW COLUMNS FROM `jcb_sys_config` [ RunTime:0.006487s ]
[ sql ] [ SQL ] SELECT `key`,`val` FROM `jcb_sys_config` WHERE  `ishead` = 0 [ RunTime:0.001228s ]
[ sql ] [ SQL ] SHOW COLUMNS FROM `jcb_sys_member` [ RunTime:0.007040s ]
[ sql ] [ SQL ] SELECT * FROM `jcb_sys_member` WHERE  `id` = 1 LIMIT 1 [ RunTime:0.000345s ]
[ sql ] [ SQL ] SHOW COLUMNS FROM `jcb_sys_menu_role` [ RunTime:0.007688s ]
[ sql ] [ SQL ] SELECT * FROM `jcb_sys_menu_role` WHERE  `id` = 1 LIMIT 1 [ RunTime:0.000578s ]
[ sql ] [ SQL ] SHOW COLUMNS FROM `jcb_sys_action_role` [ RunTime:0.007241s ]
[ sql ] [ SQL ] SELECT * FROM `jcb_sys_action_role` WHERE  `roleid` = 1  AND `action` = 'admin|config|edit' LIMIT 1 [ RunTime:0.000411s ]
[ sql ] [ SQL ] SHOW COLUMNS FROM `config` [ RunTime:0.008341s ]
[ sql ] [ SQL ] SELECT * FROM `config` [ RunTime:0.000384s ]
---------------------------------------------------------------
[ 2018-06-05T13:55:58+08:00 ] 127.0.0.1 127.0.0.1 GET /index/user/index
[ info ] 127.0.0.1/index/user/index [运行时间：0.037163s][吞吐率：26.91req/s] [内存消耗：1,822.34kb] [文件加载：47]
[ info ] [ LANG ] D:\web\point\thinkphp\lang\zh-cn.php
[ info ] [ ROUTE ] array (
  'type' => 'module',
  'module' => 
  array (
    0 => 'index',
    1 => 'user',
    2 => 'index',
  ),
)
[ info ] [ HEADER ] array (
  'host' => '127.0.0.1',
  'connection' => 'keep-alive',
  'upgrade-insecure-requests' => '1',
  'user-agent' => 'Mozilla/5.0 (iPhone; CPU iPhone OS 10_3 like Mac OS X) AppleWebKit/602.1.50 (KHTML, like Gecko) CriOS/56.0.2924.75 Mobile/14E5239e Safari/602.1',
  'accept' => 'text/html,application/xhtml+xml,application/xml;q=0.9,image/webp,image/apng,*/*;q=0.8',
  'referer' => 'http://127.0.0.1/',
  'accept-encoding' => 'gzip, deflate, br',
  'accept-language' => 'zh-CN,zh;q=0.9',
  'cookie' => 'UM_distinctid=1621d47490c100d-0eafdf086d227a-2b0c3866-4a640-1621d47490dd28; session_id=26a0b83fde; PHPSESSID=a087mhecd2qsah7uklsav2fp60',
)
[ info ] [ PARAM ] array (
)
[ info ] [ SESSION ] INIT array (
  'id' => '',
  'var_session_id' => '',
  'prefix' => 'think',
  'type' => '',
  'auto_start' => true,
)
[ info ] [ LOG ] INIT File
---------------------------------------------------------------
[ 2018-06-05T13:55:58+08:00 ] 127.0.0.1 127.0.0.1 GET /index/login/index.html
[ info ] 127.0.0.1/index/login/index.html [运行时间：0.033632s][吞吐率：29.73req/s] [内存消耗：1,848.51kb] [文件加载：48]
[ info ] [ LANG ] D:\web\point\thinkphp\lang\zh-cn.php
[ info ] [ ROUTE ] array (
  'type' => 'module',
  'module' => 
  array (
    0 => 'index',
    1 => 'login',
    2 => 'index',
  ),
)
[ info ] [ HEADER ] array (
  'host' => '127.0.0.1',
  'connection' => 'keep-alive',
  'upgrade-insecure-requests' => '1',
  'user-agent' => 'Mozilla/5.0 (iPhone; CPU iPhone OS 10_3 like Mac OS X) AppleWebKit/602.1.50 (KHTML, like Gecko) CriOS/56.0.2924.75 Mobile/14E5239e Safari/602.1',
  'accept' => 'text/html,application/xhtml+xml,application/xml;q=0.9,image/webp,image/apng,*/*;q=0.8',
  'referer' => 'http://127.0.0.1/',
  'accept-encoding' => 'gzip, deflate, br',
  'accept-language' => 'zh-CN,zh;q=0.9',
  'cookie' => 'UM_distinctid=1621d47490c100d-0eafdf086d227a-2b0c3866-4a640-1621d47490dd28; session_id=26a0b83fde; PHPSESSID=a087mhecd2qsah7uklsav2fp60',
)
[ info ] [ PARAM ] array (
)
[ info ] [ RUN ] app\index\controller\Login->index[ D:\web\point\module\index\controller\Login.php ]
[ info ] [ VIEW ] D:\web\point\public/../module/index\view\login\index.html [ array (
) ]
[ info ] [ LOG ] INIT File
---------------------------------------------------------------
[ 2018-06-05T13:55:58+08:00 ] 127.0.0.1 127.0.0.1 GET /resource/images/bg.jpg
[ info ] 127.0.0.1/resource/images/bg.jpg [运行时间：0.028606s][吞吐率：34.96req/s] [内存消耗：1,443.91kb] [文件加载：40]
[ info ] [ LANG ] D:\web\point\thinkphp\lang\zh-cn.php
[ info ] [ ROUTE ] array (
  'type' => 'module',
  'module' => 
  array (
    0 => 'resource',
    1 => 'images',
    2 => 'bg.jpg',
  ),
)
[ info ] [ HEADER ] array (
  'host' => '127.0.0.1',
  'connection' => 'keep-alive',
  'user-agent' => 'Mozilla/5.0 (iPhone; CPU iPhone OS 10_3 like Mac OS X) AppleWebKit/602.1.50 (KHTML, like Gecko) CriOS/56.0.2924.75 Mobile/14E5239e Safari/602.1',
  'accept' => 'image/webp,image/apng,image/*,*/*;q=0.8',
  'referer' => 'http://127.0.0.1/resource/css/resqyxstyle.css',
  'accept-encoding' => 'gzip, deflate, br',
  'accept-language' => 'zh-CN,zh;q=0.9',
  'cookie' => 'UM_distinctid=1621d47490c100d-0eafdf086d227a-2b0c3866-4a640-1621d47490dd28; session_id=26a0b83fde; PHPSESSID=a087mhecd2qsah7uklsav2fp60',
)
[ info ] [ PARAM ] array (
)
[ info ] [ LOG ] INIT File
---------------------------------------------------------------
[ 2018-06-05T13:55:58+08:00 ] 127.0.0.1 127.0.0.1 GET /resource/images/i3.png
[ info ] 127.0.0.1/resource/images/i3.png [运行时间：0.043963s][吞吐率：22.75req/s] [内存消耗：1,443.91kb] [文件加载：40]
[ info ] [ LANG ] D:\web\point\thinkphp\lang\zh-cn.php
[ info ] [ ROUTE ] array (
  'type' => 'module',
  'module' => 
  array (
    0 => 'resource',
    1 => 'images',
    2 => 'i3.png',
  ),
)
[ info ] [ HEADER ] array (
  'host' => '127.0.0.1',
  'connection' => 'keep-alive',
  'user-agent' => 'Mozilla/5.0 (iPhone; CPU iPhone OS 10_3 like Mac OS X) AppleWebKit/602.1.50 (KHTML, like Gecko) CriOS/56.0.2924.75 Mobile/14E5239e Safari/602.1',
  'accept' => 'image/webp,image/apng,image/*,*/*;q=0.8',
  'referer' => 'http://127.0.0.1/resource/css/resqyxstyle.css',
  'accept-encoding' => 'gzip, deflate, br',
  'accept-language' => 'zh-CN,zh;q=0.9',
  'cookie' => 'UM_distinctid=1621d47490c100d-0eafdf086d227a-2b0c3866-4a640-1621d47490dd28; session_id=26a0b83fde; PHPSESSID=a087mhecd2qsah7uklsav2fp60',
)
[ info ] [ PARAM ] array (
)
[ info ] [ LOG ] INIT File
---------------------------------------------------------------
[ 2018-06-05T13:56:00+08:00 ] 127.0.0.1 127.0.0.1 GET /index/register
[ info ] 127.0.0.1/index/register [运行时间：0.052160s][吞吐率：19.17req/s] [内存消耗：2,616.52kb] [文件加载：55]
[ info ] [ LANG ] D:\web\point\thinkphp\lang\zh-cn.php
[ info ] [ ROUTE ] array (
  'type' => 'module',
  'module' => 
  array (
    0 => 'index',
    1 => 'register',
    2 => NULL,
  ),
)
[ info ] [ HEADER ] array (
  'host' => '127.0.0.1',
  'connection' => 'keep-alive',
  'upgrade-insecure-requests' => '1',
  'user-agent' => 'Mozilla/5.0 (iPhone; CPU iPhone OS 10_3 like Mac OS X) AppleWebKit/602.1.50 (KHTML, like Gecko) CriOS/56.0.2924.75 Mobile/14E5239e Safari/602.1',
  'accept' => 'text/html,application/xhtml+xml,application/xml;q=0.9,image/webp,image/apng,*/*;q=0.8',
  'referer' => 'http://127.0.0.1/index/login/index.html',
  'accept-encoding' => 'gzip, deflate, br',
  'accept-language' => 'zh-CN,zh;q=0.9',
  'cookie' => 'UM_distinctid=1621d47490c100d-0eafdf086d227a-2b0c3866-4a640-1621d47490dd28; session_id=26a0b83fde; PHPSESSID=a087mhecd2qsah7uklsav2fp60',
)
[ info ] [ PARAM ] array (
)
[ info ] [ RUN ] app\index\controller\Register->index[ D:\web\point\module\index\controller\Register.php ]
[ info ] [ DB ] INIT mysql
[ info ] [ VIEW ] D:\web\point\public/../module/index\view\register\index.html [ array (
  0 => 'invite',
  1 => 'username',
) ]
[ info ] [ LOG ] INIT File
[ sql ] [ DB ] CONNECT:[ UseTime:0.001029s ] mysql:host=127.0.0.1;port=3306;dbname=point;charset=utf8
[ sql ] [ SQL ] SHOW COLUMNS FROM `user` [ RunTime:0.007805s ]
[ sql ] [ SQL ] SELECT `username` FROM `user` WHERE  `id` = 0 LIMIT 1 [ RunTime:0.000341s ]
---------------------------------------------------------------
[ 2018-06-05T13:56:00+08:00 ] 127.0.0.1 127.0.0.1 GET /resource/images/bg.jpg
[ info ] 127.0.0.1/resource/images/bg.jpg [运行时间：0.037633s][吞吐率：26.57req/s] [内存消耗：1,443.91kb] [文件加载：40]
[ info ] [ LANG ] D:\web\point\thinkphp\lang\zh-cn.php
[ info ] [ ROUTE ] array (
  'type' => 'module',
  'module' => 
  array (
    0 => 'resource',
    1 => 'images',
    2 => 'bg.jpg',
  ),
)
[ info ] [ HEADER ] array (
  'host' => '127.0.0.1',
  'connection' => 'keep-alive',
  'user-agent' => 'Mozilla/5.0 (iPhone; CPU iPhone OS 10_3 like Mac OS X) AppleWebKit/602.1.50 (KHTML, like Gecko) CriOS/56.0.2924.75 Mobile/14E5239e Safari/602.1',
  'accept' => 'image/webp,image/apng,image/*,*/*;q=0.8',
  'referer' => 'http://127.0.0.1/resource/css/style_info.css',
  'accept-encoding' => 'gzip, deflate, br',
  'accept-language' => 'zh-CN,zh;q=0.9',
  'cookie' => 'UM_distinctid=1621d47490c100d-0eafdf086d227a-2b0c3866-4a640-1621d47490dd28; session_id=26a0b83fde; PHPSESSID=a087mhecd2qsah7uklsav2fp60',
)
[ info ] [ PARAM ] array (
)
[ info ] [ LOG ] INIT File
---------------------------------------------------------------
[ 2018-06-05T13:56:06+08:00 ] 127.0.0.1 127.0.0.1 POST /index/register/verification
[ info ] 127.0.0.1/index/register/verification [运行时间：0.049146s][吞吐率：20.35req/s] [内存消耗：2,465.52kb] [文件加载：53]
[ info ] [ LANG ] D:\web\point\thinkphp\lang\zh-cn.php
[ info ] [ ROUTE ] array (
  'type' => 'module',
  'module' => 
  array (
    0 => 'index',
    1 => 'register',
    2 => 'verification',
  ),
)
[ info ] [ HEADER ] array (
  'host' => '127.0.0.1',
  'connection' => 'keep-alive',
  'content-length' => '18',
  'accept' => 'application/json, text/javascript, */*; q=0.01',
  'origin' => 'http://127.0.0.1',
  'x-requested-with' => 'XMLHttpRequest',
  'user-agent' => 'Mozilla/5.0 (iPhone; CPU iPhone OS 10_3 like Mac OS X) AppleWebKit/602.1.50 (KHTML, like Gecko) CriOS/56.0.2924.75 Mobile/14E5239e Safari/602.1',
  'content-type' => 'application/x-www-form-urlencoded; charset=UTF-8',
  'referer' => 'http://127.0.0.1/index/register',
  'accept-encoding' => 'gzip, deflate, br',
  'accept-language' => 'zh-CN,zh;q=0.9',
  'cookie' => 'UM_distinctid=1621d47490c100d-0eafdf086d227a-2b0c3866-4a640-1621d47490dd28; session_id=26a0b83fde; PHPSESSID=a087mhecd2qsah7uklsav2fp60',
)
[ info ] [ PARAM ] array (
  'mobile' => '18883313376',
)
[ info ] [ RUN ] app\index\controller\Register->verification[ D:\web\point\module\index\controller\Register.php ]
[ info ] [ DB ] INIT mysql
[ info ] [ LOG ] INIT File
[ sql ] [ DB ] CONNECT:[ UseTime:0.000672s ] mysql:host=127.0.0.1;port=3306;dbname=point;charset=utf8
[ sql ] [ SQL ] SHOW COLUMNS FROM `user` [ RunTime:0.006117s ]
[ sql ] [ SQL ] SELECT * FROM `user` WHERE  `mobile` = '18883313376' LIMIT 1 [ RunTime:0.000544s ]
---------------------------------------------------------------
[ 2018-06-05T13:56:09+08:00 ] 127.0.0.1 127.0.0.1 GET /index/login/index
[ info ] 127.0.0.1/index/login/index [运行时间：0.030967s][吞吐率：32.29req/s] [内存消耗：1,704.47kb] [文件加载：46]
[ info ] [ LANG ] D:\web\point\thinkphp\lang\zh-cn.php
[ info ] [ ROUTE ] array (
  'type' => 'module',
  'module' => 
  array (
    0 => 'index',
    1 => 'login',
    2 => 'index',
  ),
)
[ info ] [ HEADER ] array (
  'host' => '127.0.0.1',
  'connection' => 'keep-alive',
  'upgrade-insecure-requests' => '1',
  'user-agent' => 'Mozilla/5.0 (iPhone; CPU iPhone OS 10_3 like Mac OS X) AppleWebKit/602.1.50 (KHTML, like Gecko) CriOS/56.0.2924.75 Mobile/14E5239e Safari/602.1',
  'accept' => 'text/html,application/xhtml+xml,application/xml;q=0.9,image/webp,image/apng,*/*;q=0.8',
  'referer' => 'http://127.0.0.1/index/register',
  'accept-encoding' => 'gzip, deflate, br',
  'accept-language' => 'zh-CN,zh;q=0.9',
  'cookie' => 'UM_distinctid=1621d47490c100d-0eafdf086d227a-2b0c3866-4a640-1621d47490dd28; session_id=26a0b83fde; PHPSESSID=a087mhecd2qsah7uklsav2fp60',
)
[ info ] [ PARAM ] array (
)
[ info ] [ RUN ] app\index\controller\Login->index[ D:\web\point\module\index\controller\Login.php ]
[ info ] [ VIEW ] D:\web\point\public/../module/index\view\login\index.html [ array (
) ]
[ info ] [ LOG ] INIT File
---------------------------------------------------------------
[ 2018-06-05T13:56:09+08:00 ] 127.0.0.1 127.0.0.1 GET /resource/images/bg.jpg
[ info ] 127.0.0.1/resource/images/bg.jpg [运行时间：0.032838s][吞吐率：30.45req/s] [内存消耗：1,443.91kb] [文件加载：40]
[ info ] [ LANG ] D:\web\point\thinkphp\lang\zh-cn.php
[ info ] [ ROUTE ] array (
  'type' => 'module',
  'module' => 
  array (
    0 => 'resource',
    1 => 'images',
    2 => 'bg.jpg',
  ),
)
[ info ] [ HEADER ] array (
  'host' => '127.0.0.1',
  'connection' => 'keep-alive',
  'user-agent' => 'Mozilla/5.0 (iPhone; CPU iPhone OS 10_3 like Mac OS X) AppleWebKit/602.1.50 (KHTML, like Gecko) CriOS/56.0.2924.75 Mobile/14E5239e Safari/602.1',
  'accept' => 'image/webp,image/apng,image/*,*/*;q=0.8',
  'referer' => 'http://127.0.0.1/resource/css/resqyxstyle.css',
  'accept-encoding' => 'gzip, deflate, br',
  'accept-language' => 'zh-CN,zh;q=0.9',
  'cookie' => 'UM_distinctid=1621d47490c100d-0eafdf086d227a-2b0c3866-4a640-1621d47490dd28; session_id=26a0b83fde; PHPSESSID=a087mhecd2qsah7uklsav2fp60',
)
[ info ] [ PARAM ] array (
)
[ info ] [ LOG ] INIT File
---------------------------------------------------------------
[ 2018-06-05T13:56:09+08:00 ] 127.0.0.1 127.0.0.1 GET /resource/images/i3.png
[ info ] 127.0.0.1/resource/images/i3.png [运行时间：0.051541s][吞吐率：19.40req/s] [内存消耗：1,443.91kb] [文件加载：40]
[ info ] [ LANG ] D:\web\point\thinkphp\lang\zh-cn.php
[ info ] [ ROUTE ] array (
  'type' => 'module',
  'module' => 
  array (
    0 => 'resource',
    1 => 'images',
    2 => 'i3.png',
  ),
)
[ info ] [ HEADER ] array (
  'host' => '127.0.0.1',
  'connection' => 'keep-alive',
  'user-agent' => 'Mozilla/5.0 (iPhone; CPU iPhone OS 10_3 like Mac OS X) AppleWebKit/602.1.50 (KHTML, like Gecko) CriOS/56.0.2924.75 Mobile/14E5239e Safari/602.1',
  'accept' => 'image/webp,image/apng,image/*,*/*;q=0.8',
  'referer' => 'http://127.0.0.1/resource/css/resqyxstyle.css',
  'accept-encoding' => 'gzip, deflate, br',
  'accept-language' => 'zh-CN,zh;q=0.9',
  'cookie' => 'UM_distinctid=1621d47490c100d-0eafdf086d227a-2b0c3866-4a640-1621d47490dd28; session_id=26a0b83fde; PHPSESSID=a087mhecd2qsah7uklsav2fp60',
)
[ info ] [ PARAM ] array (
)
[ info ] [ LOG ] INIT File
---------------------------------------------------------------
[ 2018-06-05T13:56:11+08:00 ] 127.0.0.1 127.0.0.1 GET /index/findpwd
[ info ] 127.0.0.1/index/findpwd [运行时间：0.059666s][吞吐率：16.76req/s] [内存消耗：1,863.18kb] [文件加载：48]
[ info ] [ LANG ] D:\web\point\thinkphp\lang\zh-cn.php
[ info ] [ ROUTE ] array (
  'type' => 'module',
  'module' => 
  array (
    0 => 'index',
    1 => 'findpwd',
    2 => NULL,
  ),
)
[ info ] [ HEADER ] array (
  'host' => '127.0.0.1',
  'connection' => 'keep-alive',
  'upgrade-insecure-requests' => '1',
  'user-agent' => 'Mozilla/5.0 (iPhone; CPU iPhone OS 10_3 like Mac OS X) AppleWebKit/602.1.50 (KHTML, like Gecko) CriOS/56.0.2924.75 Mobile/14E5239e Safari/602.1',
  'accept' => 'text/html,application/xhtml+xml,application/xml;q=0.9,image/webp,image/apng,*/*;q=0.8',
  'referer' => 'http://127.0.0.1/index/login/index',
  'accept-encoding' => 'gzip, deflate, br',
  'accept-language' => 'zh-CN,zh;q=0.9',
  'cookie' => 'UM_distinctid=1621d47490c100d-0eafdf086d227a-2b0c3866-4a640-1621d47490dd28; session_id=26a0b83fde; PHPSESSID=a087mhecd2qsah7uklsav2fp60',
)
[ info ] [ PARAM ] array (
)
[ info ] [ RUN ] app\index\controller\Findpwd->index[ D:\web\point\module\index\controller\Findpwd.php ]
[ info ] [ VIEW ] D:\web\point\public/../module/index\view\findpwd\index.html [ array (
) ]
[ info ] [ LOG ] INIT File
---------------------------------------------------------------
[ 2018-06-05T13:56:11+08:00 ] 127.0.0.1 127.0.0.1 GET /resource/images/bg.jpg
[ info ] 127.0.0.1/resource/images/bg.jpg [运行时间：0.034372s][吞吐率：29.09req/s] [内存消耗：1,443.91kb] [文件加载：40]
[ info ] [ LANG ] D:\web\point\thinkphp\lang\zh-cn.php
[ info ] [ ROUTE ] array (
  'type' => 'module',
  'module' => 
  array (
    0 => 'resource',
    1 => 'images',
    2 => 'bg.jpg',
  ),
)
[ info ] [ HEADER ] array (
  'host' => '127.0.0.1',
  'connection' => 'keep-alive',
  'user-agent' => 'Mozilla/5.0 (iPhone; CPU iPhone OS 10_3 like Mac OS X) AppleWebKit/602.1.50 (KHTML, like Gecko) CriOS/56.0.2924.75 Mobile/14E5239e Safari/602.1',
  'accept' => 'image/webp,image/apng,image/*,*/*;q=0.8',
  'referer' => 'http://127.0.0.1/resource/css/style_info.css',
  'accept-encoding' => 'gzip, deflate, br',
  'accept-language' => 'zh-CN,zh;q=0.9',
  'cookie' => 'UM_distinctid=1621d47490c100d-0eafdf086d227a-2b0c3866-4a640-1621d47490dd28; session_id=26a0b83fde; PHPSESSID=a087mhecd2qsah7uklsav2fp60',
)
[ info ] [ PARAM ] array (
)
[ info ] [ LOG ] INIT File
---------------------------------------------------------------
[ 2018-06-05T13:56:16+08:00 ] 127.0.0.1 127.0.0.1 POST /index/findpwd/verification
[ info ] 127.0.0.1/index/findpwd/verification [运行时间：0.081479s][吞吐率：12.27req/s] [内存消耗：2,990.24kb] [文件加载：61]
[ info ] [ LANG ] D:\web\point\thinkphp\lang\zh-cn.php
[ info ] [ ROUTE ] array (
  'type' => 'module',
  'module' => 
  array (
    0 => 'index',
    1 => 'findpwd',
    2 => 'verification',
  ),
)
[ info ] [ HEADER ] array (
  'host' => '127.0.0.1',
  'connection' => 'keep-alive',
  'content-length' => '18',
  'accept' => 'application/json, text/javascript, */*; q=0.01',
  'origin' => 'http://127.0.0.1',
  'x-requested-with' => 'XMLHttpRequest',
  'user-agent' => 'Mozilla/5.0 (iPhone; CPU iPhone OS 10_3 like Mac OS X) AppleWebKit/602.1.50 (KHTML, like Gecko) CriOS/56.0.2924.75 Mobile/14E5239e Safari/602.1',
  'content-type' => 'application/x-www-form-urlencoded; charset=UTF-8',
  'referer' => 'http://127.0.0.1/index/findpwd',
  'accept-encoding' => 'gzip, deflate, br',
  'accept-language' => 'zh-CN,zh;q=0.9',
  'cookie' => 'UM_distinctid=1621d47490c100d-0eafdf086d227a-2b0c3866-4a640-1621d47490dd28; session_id=26a0b83fde; PHPSESSID=a087mhecd2qsah7uklsav2fp60',
)
[ info ] [ PARAM ] array (
  'mobile' => '18883313376',
)
[ info ] [ RUN ] app\index\controller\Findpwd->verification[ D:\web\point\module\index\controller\Findpwd.php ]
[ info ] [ DB ] INIT mysql
[ info ] [ SESSION ] INIT array (
  'id' => '',
  'var_session_id' => '',
  'prefix' => 'think',
  'type' => '',
  'auto_start' => true,
)
[ info ] [ LOG ] INIT File
[ sql ] [ DB ] CONNECT:[ UseTime:0.010553s ] mysql:host=127.0.0.1;port=3306;dbname=point;charset=utf8
[ sql ] [ SQL ] SHOW COLUMNS FROM `user` [ RunTime:0.006241s ]
[ sql ] [ SQL ] SELECT * FROM `user` WHERE  `mobile` = '18883313376' LIMIT 1 [ RunTime:0.000335s ]
[ sql ] [ SQL ] SHOW COLUMNS FROM `config` [ RunTime:0.006498s ]
[ sql ] [ SQL ] SELECT `value` FROM `config` WHERE  `key` = 'tplCode' LIMIT 1 [ RunTime:0.000403s ]
[ sql ] [ SQL ] SELECT `value` FROM `config` WHERE  `key` = 'accessKeyId' LIMIT 1 [ RunTime:0.000211s ]
[ sql ] [ SQL ] SELECT `value` FROM `config` WHERE  `key` = 'accessKeySecret' LIMIT 1 [ RunTime:0.000262s ]
[ sql ] [ SQL ] SELECT `value` FROM `config` WHERE  `key` = 'signName' LIMIT 1 [ RunTime:0.000200s ]
---------------------------------------------------------------
[ 2018-06-05T13:56:36+08:00 ] 127.0.0.1 127.0.0.1 GET /index/findpwd
[ info ] 127.0.0.1/index/findpwd [运行时间：0.048706s][吞吐率：20.53req/s] [内存消耗：1,708.85kb] [文件加载：46]
[ info ] [ LANG ] D:\web\point\thinkphp\lang\zh-cn.php
[ info ] [ ROUTE ] array (
  'type' => 'module',
  'module' => 
  array (
    0 => 'index',
    1 => 'findpwd',
    2 => NULL,
  ),
)
[ info ] [ HEADER ] array (
  'host' => '127.0.0.1',
  'connection' => 'keep-alive',
  'cache-control' => 'max-age=0',
  'upgrade-insecure-requests' => '1',
  'user-agent' => 'Mozilla/5.0 (iPhone; CPU iPhone OS 10_3 like Mac OS X) AppleWebKit/602.1.50 (KHTML, like Gecko) CriOS/56.0.2924.75 Mobile/14E5239e Safari/602.1',
  'accept' => 'text/html,application/xhtml+xml,application/xml;q=0.9,image/webp,image/apng,*/*;q=0.8',
  'referer' => 'http://127.0.0.1/index/login/index',
  'accept-encoding' => 'gzip, deflate, br',
  'accept-language' => 'zh-CN,zh;q=0.9',
  'cookie' => 'UM_distinctid=1621d47490c100d-0eafdf086d227a-2b0c3866-4a640-1621d47490dd28; session_id=26a0b83fde; PHPSESSID=a087mhecd2qsah7uklsav2fp60',
)
[ info ] [ PARAM ] array (
)
[ info ] [ RUN ] app\index\controller\Findpwd->index[ D:\web\point\module\index\controller\Findpwd.php ]
[ info ] [ VIEW ] D:\web\point\public/../module/index\view\findpwd\index.html [ array (
) ]
[ info ] [ LOG ] INIT File
---------------------------------------------------------------
[ 2018-06-05T13:56:36+08:00 ] 127.0.0.1 127.0.0.1 GET /resource/images/bg.jpg
[ info ] 127.0.0.1/resource/images/bg.jpg [运行时间：0.034670s][吞吐率：28.84req/s] [内存消耗：1,443.91kb] [文件加载：40]
[ info ] [ LANG ] D:\web\point\thinkphp\lang\zh-cn.php
[ info ] [ ROUTE ] array (
  'type' => 'module',
  'module' => 
  array (
    0 => 'resource',
    1 => 'images',
    2 => 'bg.jpg',
  ),
)
[ info ] [ HEADER ] array (
  'host' => '127.0.0.1',
  'connection' => 'keep-alive',
  'user-agent' => 'Mozilla/5.0 (iPhone; CPU iPhone OS 10_3 like Mac OS X) AppleWebKit/602.1.50 (KHTML, like Gecko) CriOS/56.0.2924.75 Mobile/14E5239e Safari/602.1',
  'accept' => 'image/webp,image/apng,image/*,*/*;q=0.8',
  'referer' => 'http://127.0.0.1/resource/css/style_info.css',
  'accept-encoding' => 'gzip, deflate, br',
  'accept-language' => 'zh-CN,zh;q=0.9',
  'cookie' => 'UM_distinctid=1621d47490c100d-0eafdf086d227a-2b0c3866-4a640-1621d47490dd28; session_id=26a0b83fde; PHPSESSID=a087mhecd2qsah7uklsav2fp60',
)
[ info ] [ PARAM ] array (
)
[ info ] [ LOG ] INIT File
---------------------------------------------------------------
[ 2018-06-05T13:58:14+08:00 ] 127.0.0.1 127.0.0.1 POST /index/findpwd/verification
[ info ] 127.0.0.1/index/findpwd/verification [运行时间：0.301827s][吞吐率：3.31req/s] [内存消耗：3,149.72kb] [文件加载：73]
[ info ] [ LANG ] D:\web\point\thinkphp\lang\zh-cn.php
[ info ] [ ROUTE ] array (
  'type' => 'module',
  'module' => 
  array (
    0 => 'index',
    1 => 'findpwd',
    2 => 'verification',
  ),
)
[ info ] [ HEADER ] array (
  'host' => '127.0.0.1',
  'connection' => 'keep-alive',
  'content-length' => '18',
  'accept' => 'application/json, text/javascript, */*; q=0.01',
  'origin' => 'http://127.0.0.1',
  'x-requested-with' => 'XMLHttpRequest',
  'user-agent' => 'Mozilla/5.0 (iPhone; CPU iPhone OS 10_3 like Mac OS X) AppleWebKit/602.1.50 (KHTML, like Gecko) CriOS/56.0.2924.75 Mobile/14E5239e Safari/602.1',
  'content-type' => 'application/x-www-form-urlencoded; charset=UTF-8',
  'referer' => 'http://127.0.0.1/index/findpwd',
  'accept-encoding' => 'gzip, deflate, br',
  'accept-language' => 'zh-CN,zh;q=0.9',
  'cookie' => 'UM_distinctid=1621d47490c100d-0eafdf086d227a-2b0c3866-4a640-1621d47490dd28; session_id=26a0b83fde; PHPSESSID=a087mhecd2qsah7uklsav2fp60',
)
[ info ] [ PARAM ] array (
  'mobile' => '18883313376',
)
[ info ] [ RUN ] app\index\controller\Findpwd->verification[ D:\web\point\module\index\controller\Findpwd.php ]
[ info ] [ DB ] INIT mysql
[ info ] [ SESSION ] INIT array (
  'id' => '',
  'var_session_id' => '',
  'prefix' => 'think',
  'type' => '',
  'auto_start' => true,
)
[ info ] [ LOG ] INIT File
[ sql ] [ DB ] CONNECT:[ UseTime:0.011004s ] mysql:host=127.0.0.1;port=3306;dbname=point;charset=utf8
[ sql ] [ SQL ] SHOW COLUMNS FROM `user` [ RunTime:0.006800s ]
[ sql ] [ SQL ] SELECT * FROM `user` WHERE  `mobile` = '18883313376' LIMIT 1 [ RunTime:0.000495s ]
[ sql ] [ SQL ] SHOW COLUMNS FROM `config` [ RunTime:0.006347s ]
[ sql ] [ SQL ] SELECT `value` FROM `config` WHERE  `key` = 'tplCode' LIMIT 1 [ RunTime:0.000443s ]
[ sql ] [ SQL ] SELECT `value` FROM `config` WHERE  `key` = 'accessKeyId' LIMIT 1 [ RunTime:0.000311s ]
[ sql ] [ SQL ] SELECT `value` FROM `config` WHERE  `key` = 'accessKeySecret' LIMIT 1 [ RunTime:0.000279s ]
[ sql ] [ SQL ] SELECT `value` FROM `config` WHERE  `key` = 'signName' LIMIT 1 [ RunTime:0.000289s ]
---------------------------------------------------------------
[ 2018-06-05T13:58:41+08:00 ] 127.0.0.1 127.0.0.1 GET /index/findpwd
[ info ] 127.0.0.1/index/findpwd [运行时间：0.048883s][吞吐率：20.46req/s] [内存消耗：1,863.27kb] [文件加载：48]
[ info ] [ LANG ] D:\web\point\thinkphp\lang\zh-cn.php
[ info ] [ ROUTE ] array (
  'type' => 'module',
  'module' => 
  array (
    0 => 'index',
    1 => 'findpwd',
    2 => NULL,
  ),
)
[ info ] [ HEADER ] array (
  'host' => '127.0.0.1',
  'connection' => 'keep-alive',
  'cache-control' => 'max-age=0',
  'upgrade-insecure-requests' => '1',
  'user-agent' => 'Mozilla/5.0 (iPhone; CPU iPhone OS 10_3 like Mac OS X) AppleWebKit/602.1.50 (KHTML, like Gecko) CriOS/56.0.2924.75 Mobile/14E5239e Safari/602.1',
  'accept' => 'text/html,application/xhtml+xml,application/xml;q=0.9,image/webp,image/apng,*/*;q=0.8',
  'referer' => 'http://127.0.0.1/index/login/index',
  'accept-encoding' => 'gzip, deflate, br',
  'accept-language' => 'zh-CN,zh;q=0.9',
  'cookie' => 'UM_distinctid=1621d47490c100d-0eafdf086d227a-2b0c3866-4a640-1621d47490dd28; session_id=26a0b83fde; PHPSESSID=a087mhecd2qsah7uklsav2fp60',
)
[ info ] [ PARAM ] array (
)
[ info ] [ RUN ] app\index\controller\Findpwd->index[ D:\web\point\module\index\controller\Findpwd.php ]
[ info ] [ VIEW ] D:\web\point\public/../module/index\view\findpwd\index.html [ array (
) ]
[ info ] [ LOG ] INIT File
---------------------------------------------------------------
[ 2018-06-05T13:58:41+08:00 ] 127.0.0.1 127.0.0.1 GET /resource/images/bg.jpg
[ info ] 127.0.0.1/resource/images/bg.jpg [运行时间：0.030608s][吞吐率：32.67req/s] [内存消耗：1,443.77kb] [文件加载：40]
[ info ] [ LANG ] D:\web\point\thinkphp\lang\zh-cn.php
[ info ] [ ROUTE ] array (
  'type' => 'module',
  'module' => 
  array (
    0 => 'resource',
    1 => 'images',
    2 => 'bg.jpg',
  ),
)
[ info ] [ HEADER ] array (
  'host' => '127.0.0.1',
  'connection' => 'keep-alive',
  'user-agent' => 'Mozilla/5.0 (iPhone; CPU iPhone OS 10_3 like Mac OS X) AppleWebKit/602.1.50 (KHTML, like Gecko) CriOS/56.0.2924.75 Mobile/14E5239e Safari/602.1',
  'accept' => 'image/webp,image/apng,image/*,*/*;q=0.8',
  'referer' => 'http://127.0.0.1/resource/css/style_info.css',
  'accept-encoding' => 'gzip, deflate, br',
  'accept-language' => 'zh-CN,zh;q=0.9',
  'cookie' => 'UM_distinctid=1621d47490c100d-0eafdf086d227a-2b0c3866-4a640-1621d47490dd28; session_id=26a0b83fde; PHPSESSID=a087mhecd2qsah7uklsav2fp60',
)
[ info ] [ PARAM ] array (
)
[ info ] [ LOG ] INIT File
---------------------------------------------------------------
[ 2018-06-05T13:58:48+08:00 ] 127.0.0.1 127.0.0.1 POST /index/findpwd/verification
[ info ] 127.0.0.1/index/findpwd/verification [运行时间：0.183347s][吞吐率：5.45req/s] [内存消耗：3,149.72kb] [文件加载：73]
[ info ] [ LANG ] D:\web\point\thinkphp\lang\zh-cn.php
[ info ] [ ROUTE ] array (
  'type' => 'module',
  'module' => 
  array (
    0 => 'index',
    1 => 'findpwd',
    2 => 'verification',
  ),
)
[ info ] [ HEADER ] array (
  'host' => '127.0.0.1',
  'connection' => 'keep-alive',
  'content-length' => '18',
  'accept' => 'application/json, text/javascript, */*; q=0.01',
  'origin' => 'http://127.0.0.1',
  'x-requested-with' => 'XMLHttpRequest',
  'user-agent' => 'Mozilla/5.0 (iPhone; CPU iPhone OS 10_3 like Mac OS X) AppleWebKit/602.1.50 (KHTML, like Gecko) CriOS/56.0.2924.75 Mobile/14E5239e Safari/602.1',
  'content-type' => 'application/x-www-form-urlencoded; charset=UTF-8',
  'referer' => 'http://127.0.0.1/index/findpwd',
  'accept-encoding' => 'gzip, deflate, br',
  'accept-language' => 'zh-CN,zh;q=0.9',
  'cookie' => 'UM_distinctid=1621d47490c100d-0eafdf086d227a-2b0c3866-4a640-1621d47490dd28; session_id=26a0b83fde; PHPSESSID=a087mhecd2qsah7uklsav2fp60',
)
[ info ] [ PARAM ] array (
  'mobile' => '18883313376',
)
[ info ] [ RUN ] app\index\controller\Findpwd->verification[ D:\web\point\module\index\controller\Findpwd.php ]
[ info ] [ DB ] INIT mysql
[ info ] [ SESSION ] INIT array (
  'id' => '',
  'var_session_id' => '',
  'prefix' => 'think',
  'type' => '',
  'auto_start' => true,
)
[ info ] [ LOG ] INIT File
[ sql ] [ DB ] CONNECT:[ UseTime:0.010502s ] mysql:host=127.0.0.1;port=3306;dbname=point;charset=utf8
[ sql ] [ SQL ] SHOW COLUMNS FROM `user` [ RunTime:0.006280s ]
[ sql ] [ SQL ] SELECT * FROM `user` WHERE  `mobile` = '18883313376' LIMIT 1 [ RunTime:0.000387s ]
[ sql ] [ SQL ] SHOW COLUMNS FROM `config` [ RunTime:0.006498s ]
[ sql ] [ SQL ] SELECT `value` FROM `config` WHERE  `key` = 'tplCode' LIMIT 1 [ RunTime:0.000354s ]
[ sql ] [ SQL ] SELECT `value` FROM `config` WHERE  `key` = 'accessKeyId' LIMIT 1 [ RunTime:0.000280s ]
[ sql ] [ SQL ] SELECT `value` FROM `config` WHERE  `key` = 'accessKeySecret' LIMIT 1 [ RunTime:0.000312s ]
[ sql ] [ SQL ] SELECT `value` FROM `config` WHERE  `key` = 'signName' LIMIT 1 [ RunTime:0.000285s ]
---------------------------------------------------------------
[ 2018-06-05T13:59:44+08:00 ] 127.0.0.1 127.0.0.1 GET /index/findpwd
[ info ] 127.0.0.1/index/findpwd [运行时间：0.051470s][吞吐率：19.43req/s] [内存消耗：1,863.43kb] [文件加载：48]
[ info ] [ LANG ] D:\web\point\thinkphp\lang\zh-cn.php
[ info ] [ ROUTE ] array (
  'type' => 'module',
  'module' => 
  array (
    0 => 'index',
    1 => 'findpwd',
    2 => NULL,
  ),
)
[ info ] [ HEADER ] array (
  'host' => '127.0.0.1',
  'connection' => 'keep-alive',
  'cache-control' => 'max-age=0',
  'upgrade-insecure-requests' => '1',
  'user-agent' => 'Mozilla/5.0 (iPhone; CPU iPhone OS 10_3 like Mac OS X) AppleWebKit/602.1.50 (KHTML, like Gecko) CriOS/56.0.2924.75 Mobile/14E5239e Safari/602.1',
  'accept' => 'text/html,application/xhtml+xml,application/xml;q=0.9,image/webp,image/apng,*/*;q=0.8',
  'referer' => 'http://127.0.0.1/index/login/index',
  'accept-encoding' => 'gzip, deflate, br',
  'accept-language' => 'zh-CN,zh;q=0.9',
  'cookie' => 'UM_distinctid=1621d47490c100d-0eafdf086d227a-2b0c3866-4a640-1621d47490dd28; session_id=26a0b83fde; PHPSESSID=a087mhecd2qsah7uklsav2fp60',
)
[ info ] [ PARAM ] array (
)
[ info ] [ RUN ] app\index\controller\Findpwd->index[ D:\web\point\module\index\controller\Findpwd.php ]
[ info ] [ VIEW ] D:\web\point\public/../module/index\view\findpwd\index.html [ array (
) ]
[ info ] [ LOG ] INIT File
---------------------------------------------------------------
[ 2018-06-05T13:59:44+08:00 ] 127.0.0.1 127.0.0.1 GET /resource/images/bg.jpg
[ info ] 127.0.0.1/resource/images/bg.jpg [运行时间：0.035562s][吞吐率：28.12req/s] [内存消耗：1,443.77kb] [文件加载：40]
[ info ] [ LANG ] D:\web\point\thinkphp\lang\zh-cn.php
[ info ] [ ROUTE ] array (
  'type' => 'module',
  'module' => 
  array (
    0 => 'resource',
    1 => 'images',
    2 => 'bg.jpg',
  ),
)
[ info ] [ HEADER ] array (
  'host' => '127.0.0.1',
  'connection' => 'keep-alive',
  'user-agent' => 'Mozilla/5.0 (iPhone; CPU iPhone OS 10_3 like Mac OS X) AppleWebKit/602.1.50 (KHTML, like Gecko) CriOS/56.0.2924.75 Mobile/14E5239e Safari/602.1',
  'accept' => 'image/webp,image/apng,image/*,*/*;q=0.8',
  'referer' => 'http://127.0.0.1/resource/css/style_info.css',
  'accept-encoding' => 'gzip, deflate, br',
  'accept-language' => 'zh-CN,zh;q=0.9',
  'cookie' => 'UM_distinctid=1621d47490c100d-0eafdf086d227a-2b0c3866-4a640-1621d47490dd28; session_id=26a0b83fde; PHPSESSID=a087mhecd2qsah7uklsav2fp60',
)
[ info ] [ PARAM ] array (
)
[ info ] [ LOG ] INIT File
---------------------------------------------------------------
[ 2018-06-05T13:59:48+08:00 ] 127.0.0.1 127.0.0.1 POST /index/findpwd/verification
[ info ] 127.0.0.1/index/findpwd/verification [运行时间：0.203516s][吞吐率：4.91req/s] [内存消耗：3,149.72kb] [文件加载：73]
[ info ] [ LANG ] D:\web\point\thinkphp\lang\zh-cn.php
[ info ] [ ROUTE ] array (
  'type' => 'module',
  'module' => 
  array (
    0 => 'index',
    1 => 'findpwd',
    2 => 'verification',
  ),
)
[ info ] [ HEADER ] array (
  'host' => '127.0.0.1',
  'connection' => 'keep-alive',
  'content-length' => '18',
  'accept' => 'application/json, text/javascript, */*; q=0.01',
  'origin' => 'http://127.0.0.1',
  'x-requested-with' => 'XMLHttpRequest',
  'user-agent' => 'Mozilla/5.0 (iPhone; CPU iPhone OS 10_3 like Mac OS X) AppleWebKit/602.1.50 (KHTML, like Gecko) CriOS/56.0.2924.75 Mobile/14E5239e Safari/602.1',
  'content-type' => 'application/x-www-form-urlencoded; charset=UTF-8',
  'referer' => 'http://127.0.0.1/index/findpwd',
  'accept-encoding' => 'gzip, deflate, br',
  'accept-language' => 'zh-CN,zh;q=0.9',
  'cookie' => 'UM_distinctid=1621d47490c100d-0eafdf086d227a-2b0c3866-4a640-1621d47490dd28; session_id=26a0b83fde; PHPSESSID=a087mhecd2qsah7uklsav2fp60',
)
[ info ] [ PARAM ] array (
  'mobile' => '18883313376',
)
[ info ] [ RUN ] app\index\controller\Findpwd->verification[ D:\web\point\module\index\controller\Findpwd.php ]
[ info ] [ DB ] INIT mysql
[ info ] [ SESSION ] INIT array (
  'id' => '',
  'var_session_id' => '',
  'prefix' => 'think',
  'type' => '',
  'auto_start' => true,
)
[ info ] [ LOG ] INIT File
[ sql ] [ DB ] CONNECT:[ UseTime:0.010592s ] mysql:host=127.0.0.1;port=3306;dbname=point;charset=utf8
[ sql ] [ SQL ] SHOW COLUMNS FROM `user` [ RunTime:0.006701s ]
[ sql ] [ SQL ] SELECT * FROM `user` WHERE  `mobile` = '18883313376' LIMIT 1 [ RunTime:0.000374s ]
[ sql ] [ SQL ] SHOW COLUMNS FROM `config` [ RunTime:0.005902s ]
[ sql ] [ SQL ] SELECT `value` FROM `config` WHERE  `key` = 'tplCode' LIMIT 1 [ RunTime:0.000325s ]
[ sql ] [ SQL ] SELECT `value` FROM `config` WHERE  `key` = 'accessKeyId' LIMIT 1 [ RunTime:0.000272s ]
[ sql ] [ SQL ] SELECT `value` FROM `config` WHERE  `key` = 'accessKeySecret' LIMIT 1 [ RunTime:0.000229s ]
[ sql ] [ SQL ] SELECT `value` FROM `config` WHERE  `key` = 'signName' LIMIT 1 [ RunTime:0.000232s ]
---------------------------------------------------------------
[ 2018-06-05T14:00:03+08:00 ] 127.0.0.1 127.0.0.1 GET /index/findpwd
[ info ] 127.0.0.1/index/findpwd [运行时间：0.055762s][吞吐率：17.93req/s] [内存消耗：1,863.38kb] [文件加载：48]
[ info ] [ LANG ] D:\web\point\thinkphp\lang\zh-cn.php
[ info ] [ ROUTE ] array (
  'type' => 'module',
  'module' => 
  array (
    0 => 'index',
    1 => 'findpwd',
    2 => NULL,
  ),
)
[ info ] [ HEADER ] array (
  'host' => '127.0.0.1',
  'connection' => 'keep-alive',
  'cache-control' => 'max-age=0',
  'upgrade-insecure-requests' => '1',
  'user-agent' => 'Mozilla/5.0 (iPhone; CPU iPhone OS 10_3 like Mac OS X) AppleWebKit/602.1.50 (KHTML, like Gecko) CriOS/56.0.2924.75 Mobile/14E5239e Safari/602.1',
  'accept' => 'text/html,application/xhtml+xml,application/xml;q=0.9,image/webp,image/apng,*/*;q=0.8',
  'referer' => 'http://127.0.0.1/index/login/index',
  'accept-encoding' => 'gzip, deflate, br',
  'accept-language' => 'zh-CN,zh;q=0.9',
  'cookie' => 'UM_distinctid=1621d47490c100d-0eafdf086d227a-2b0c3866-4a640-1621d47490dd28; session_id=26a0b83fde; PHPSESSID=a087mhecd2qsah7uklsav2fp60',
)
[ info ] [ PARAM ] array (
)
[ info ] [ RUN ] app\index\controller\Findpwd->index[ D:\web\point\module\index\controller\Findpwd.php ]
[ info ] [ VIEW ] D:\web\point\public/../module/index\view\findpwd\index.html [ array (
) ]
[ info ] [ LOG ] INIT File
---------------------------------------------------------------
[ 2018-06-05T14:00:03+08:00 ] 127.0.0.1 127.0.0.1 GET /resource/images/bg.jpg
[ info ] 127.0.0.1/resource/images/bg.jpg [运行时间：0.035068s][吞吐率：28.52req/s] [内存消耗：1,443.77kb] [文件加载：40]
[ info ] [ LANG ] D:\web\point\thinkphp\lang\zh-cn.php
[ info ] [ ROUTE ] array (
  'type' => 'module',
  'module' => 
  array (
    0 => 'resource',
    1 => 'images',
    2 => 'bg.jpg',
  ),
)
[ info ] [ HEADER ] array (
  'host' => '127.0.0.1',
  'connection' => 'keep-alive',
  'user-agent' => 'Mozilla/5.0 (iPhone; CPU iPhone OS 10_3 like Mac OS X) AppleWebKit/602.1.50 (KHTML, like Gecko) CriOS/56.0.2924.75 Mobile/14E5239e Safari/602.1',
  'accept' => 'image/webp,image/apng,image/*,*/*;q=0.8',
  'referer' => 'http://127.0.0.1/resource/css/style_info.css',
  'accept-encoding' => 'gzip, deflate, br',
  'accept-language' => 'zh-CN,zh;q=0.9',
  'cookie' => 'UM_distinctid=1621d47490c100d-0eafdf086d227a-2b0c3866-4a640-1621d47490dd28; session_id=26a0b83fde; PHPSESSID=a087mhecd2qsah7uklsav2fp60',
)
[ info ] [ PARAM ] array (
)
[ info ] [ LOG ] INIT File
---------------------------------------------------------------
[ 2018-06-05T14:00:08+08:00 ] 127.0.0.1 127.0.0.1 POST /index/findpwd/verification
[ info ] 127.0.0.1/index/findpwd/verification [运行时间：0.199044s][吞吐率：5.02req/s] [内存消耗：3,149.72kb] [文件加载：73]
[ info ] [ LANG ] D:\web\point\thinkphp\lang\zh-cn.php
[ info ] [ ROUTE ] array (
  'type' => 'module',
  'module' => 
  array (
    0 => 'index',
    1 => 'findpwd',
    2 => 'verification',
  ),
)
[ info ] [ HEADER ] array (
  'host' => '127.0.0.1',
  'connection' => 'keep-alive',
  'content-length' => '18',
  'accept' => 'application/json, text/javascript, */*; q=0.01',
  'origin' => 'http://127.0.0.1',
  'x-requested-with' => 'XMLHttpRequest',
  'user-agent' => 'Mozilla/5.0 (iPhone; CPU iPhone OS 10_3 like Mac OS X) AppleWebKit/602.1.50 (KHTML, like Gecko) CriOS/56.0.2924.75 Mobile/14E5239e Safari/602.1',
  'content-type' => 'application/x-www-form-urlencoded; charset=UTF-8',
  'referer' => 'http://127.0.0.1/index/findpwd',
  'accept-encoding' => 'gzip, deflate, br',
  'accept-language' => 'zh-CN,zh;q=0.9',
  'cookie' => 'UM_distinctid=1621d47490c100d-0eafdf086d227a-2b0c3866-4a640-1621d47490dd28; session_id=26a0b83fde; PHPSESSID=a087mhecd2qsah7uklsav2fp60',
)
[ info ] [ PARAM ] array (
  'mobile' => '18883313376',
)
[ info ] [ RUN ] app\index\controller\Findpwd->verification[ D:\web\point\module\index\controller\Findpwd.php ]
[ info ] [ DB ] INIT mysql
[ info ] [ SESSION ] INIT array (
  'id' => '',
  'var_session_id' => '',
  'prefix' => 'think',
  'type' => '',
  'auto_start' => true,
)
[ info ] [ LOG ] INIT File
[ sql ] [ DB ] CONNECT:[ UseTime:0.011194s ] mysql:host=127.0.0.1;port=3306;dbname=point;charset=utf8
[ sql ] [ SQL ] SHOW COLUMNS FROM `user` [ RunTime:0.006334s ]
[ sql ] [ SQL ] SELECT * FROM `user` WHERE  `mobile` = '18883313376' LIMIT 1 [ RunTime:0.000328s ]
[ sql ] [ SQL ] SHOW COLUMNS FROM `config` [ RunTime:0.005982s ]
[ sql ] [ SQL ] SELECT `value` FROM `config` WHERE  `key` = 'tplCode' LIMIT 1 [ RunTime:0.000281s ]
[ sql ] [ SQL ] SELECT `value` FROM `config` WHERE  `key` = 'accessKeyId' LIMIT 1 [ RunTime:0.000247s ]
[ sql ] [ SQL ] SELECT `value` FROM `config` WHERE  `key` = 'accessKeySecret' LIMIT 1 [ RunTime:0.000244s ]
[ sql ] [ SQL ] SELECT `value` FROM `config` WHERE  `key` = 'signName' LIMIT 1 [ RunTime:0.000242s ]
---------------------------------------------------------------
[ 2018-06-05T14:06:35+08:00 ] 127.0.0.1 127.0.0.1 GET /index/findpwd
[ info ] 127.0.0.1/index/findpwd [运行时间：0.066555s][吞吐率：15.03req/s] [内存消耗：1,708.78kb] [文件加载：46]
[ info ] [ LANG ] D:\web\point\thinkphp\lang\zh-cn.php
[ info ] [ ROUTE ] array (
  'type' => 'module',
  'module' => 
  array (
    0 => 'index',
    1 => 'findpwd',
    2 => NULL,
  ),
)
[ info ] [ HEADER ] array (
  'host' => '127.0.0.1',
  'connection' => 'keep-alive',
  'cache-control' => 'max-age=0',
  'upgrade-insecure-requests' => '1',
  'user-agent' => 'Mozilla/5.0 (iPhone; CPU iPhone OS 10_3 like Mac OS X) AppleWebKit/602.1.50 (KHTML, like Gecko) CriOS/56.0.2924.75 Mobile/14E5239e Safari/602.1',
  'accept' => 'text/html,application/xhtml+xml,application/xml;q=0.9,image/webp,image/apng,*/*;q=0.8',
  'referer' => 'http://127.0.0.1/index/login/index',
  'accept-encoding' => 'gzip, deflate, br',
  'accept-language' => 'zh-CN,zh;q=0.9',
  'cookie' => 'UM_distinctid=1621d47490c100d-0eafdf086d227a-2b0c3866-4a640-1621d47490dd28; session_id=26a0b83fde; PHPSESSID=a087mhecd2qsah7uklsav2fp60',
)
[ info ] [ PARAM ] array (
)
[ info ] [ RUN ] app\index\controller\Findpwd->index[ D:\web\point\module\index\controller\Findpwd.php ]
[ info ] [ VIEW ] D:\web\point\public/../module/index\view\findpwd\index.html [ array (
) ]
[ info ] [ LOG ] INIT File
---------------------------------------------------------------
[ 2018-06-05T14:06:35+08:00 ] 127.0.0.1 127.0.0.1 GET /resource/images/bg.jpg
[ info ] 127.0.0.1/resource/images/bg.jpg [运行时间：0.034245s][吞吐率：29.20req/s] [内存消耗：1,443.77kb] [文件加载：40]
[ info ] [ LANG ] D:\web\point\thinkphp\lang\zh-cn.php
[ info ] [ ROUTE ] array (
  'type' => 'module',
  'module' => 
  array (
    0 => 'resource',
    1 => 'images',
    2 => 'bg.jpg',
  ),
)
[ info ] [ HEADER ] array (
  'host' => '127.0.0.1',
  'connection' => 'keep-alive',
  'user-agent' => 'Mozilla/5.0 (iPhone; CPU iPhone OS 10_3 like Mac OS X) AppleWebKit/602.1.50 (KHTML, like Gecko) CriOS/56.0.2924.75 Mobile/14E5239e Safari/602.1',
  'accept' => 'image/webp,image/apng,image/*,*/*;q=0.8',
  'referer' => 'http://127.0.0.1/resource/css/style_info.css',
  'accept-encoding' => 'gzip, deflate, br',
  'accept-language' => 'zh-CN,zh;q=0.9',
  'cookie' => 'UM_distinctid=1621d47490c100d-0eafdf086d227a-2b0c3866-4a640-1621d47490dd28; session_id=26a0b83fde; PHPSESSID=a087mhecd2qsah7uklsav2fp60',
)
[ info ] [ PARAM ] array (
)
[ info ] [ LOG ] INIT File
---------------------------------------------------------------
[ 2018-06-05T14:06:44+08:00 ] 127.0.0.1 127.0.0.1 POST /index/findpwd/verification
[ info ] 127.0.0.1/index/findpwd/verification [运行时间：0.269111s][吞吐率：3.72req/s] [内存消耗：3,149.72kb] [文件加载：73]
[ info ] [ LANG ] D:\web\point\thinkphp\lang\zh-cn.php
[ info ] [ ROUTE ] array (
  'type' => 'module',
  'module' => 
  array (
    0 => 'index',
    1 => 'findpwd',
    2 => 'verification',
  ),
)
[ info ] [ HEADER ] array (
  'host' => '127.0.0.1',
  'connection' => 'keep-alive',
  'content-length' => '18',
  'accept' => 'application/json, text/javascript, */*; q=0.01',
  'origin' => 'http://127.0.0.1',
  'x-requested-with' => 'XMLHttpRequest',
  'user-agent' => 'Mozilla/5.0 (iPhone; CPU iPhone OS 10_3 like Mac OS X) AppleWebKit/602.1.50 (KHTML, like Gecko) CriOS/56.0.2924.75 Mobile/14E5239e Safari/602.1',
  'content-type' => 'application/x-www-form-urlencoded; charset=UTF-8',
  'referer' => 'http://127.0.0.1/index/findpwd',
  'accept-encoding' => 'gzip, deflate, br',
  'accept-language' => 'zh-CN,zh;q=0.9',
  'cookie' => 'UM_distinctid=1621d47490c100d-0eafdf086d227a-2b0c3866-4a640-1621d47490dd28; session_id=26a0b83fde; PHPSESSID=a087mhecd2qsah7uklsav2fp60',
)
[ info ] [ PARAM ] array (
  'mobile' => '18883313376',
)
[ info ] [ RUN ] app\index\controller\Findpwd->verification[ D:\web\point\module\index\controller\Findpwd.php ]
[ info ] [ DB ] INIT mysql
[ info ] [ SESSION ] INIT array (
  'id' => '',
  'var_session_id' => '',
  'prefix' => 'think',
  'type' => '',
  'auto_start' => true,
)
[ info ] [ LOG ] INIT File
[ sql ] [ DB ] CONNECT:[ UseTime:0.010620s ] mysql:host=127.0.0.1;port=3306;dbname=point;charset=utf8
[ sql ] [ SQL ] SHOW COLUMNS FROM `user` [ RunTime:0.006396s ]
[ sql ] [ SQL ] SELECT * FROM `user` WHERE  `mobile` = '18883313376' LIMIT 1 [ RunTime:0.000341s ]
[ sql ] [ SQL ] SHOW COLUMNS FROM `config` [ RunTime:0.005690s ]
[ sql ] [ SQL ] SELECT `value` FROM `config` WHERE  `key` = 'tplCode' LIMIT 1 [ RunTime:0.000270s ]
[ sql ] [ SQL ] SELECT `value` FROM `config` WHERE  `key` = 'accessKeyId' LIMIT 1 [ RunTime:0.000299s ]
[ sql ] [ SQL ] SELECT `value` FROM `config` WHERE  `key` = 'accessKeySecret' LIMIT 1 [ RunTime:0.000296s ]
[ sql ] [ SQL ] SELECT `value` FROM `config` WHERE  `key` = 'signName' LIMIT 1 [ RunTime:0.000289s ]
---------------------------------------------------------------
[ 2018-06-05T14:06:44+08:00 ] 127.0.0.1 127.0.0.1 GET /index/findpwd
[ info ] 127.0.0.1/index/findpwd [运行时间：0.043542s][吞吐率：22.97req/s] [内存消耗：1,708.78kb] [文件加载：46]
[ info ] [ LANG ] D:\web\point\thinkphp\lang\zh-cn.php
[ info ] [ ROUTE ] array (
  'type' => 'module',
  'module' => 
  array (
    0 => 'index',
    1 => 'findpwd',
    2 => NULL,
  ),
)
[ info ] [ HEADER ] array (
  'host' => '127.0.0.1',
  'connection' => 'keep-alive',
  'cache-control' => 'max-age=0',
  'upgrade-insecure-requests' => '1',
  'user-agent' => 'Mozilla/5.0 (iPhone; CPU iPhone OS 10_3 like Mac OS X) AppleWebKit/602.1.50 (KHTML, like Gecko) CriOS/56.0.2924.75 Mobile/14E5239e Safari/602.1',
  'accept' => 'text/html,application/xhtml+xml,application/xml;q=0.9,image/webp,image/apng,*/*;q=0.8',
  'referer' => 'http://127.0.0.1/index/login/index',
  'accept-encoding' => 'gzip, deflate, br',
  'accept-language' => 'zh-CN,zh;q=0.9',
  'cookie' => 'UM_distinctid=1621d47490c100d-0eafdf086d227a-2b0c3866-4a640-1621d47490dd28; session_id=26a0b83fde; PHPSESSID=a087mhecd2qsah7uklsav2fp60',
)
[ info ] [ PARAM ] array (
)
[ info ] [ RUN ] app\index\controller\Findpwd->index[ D:\web\point\module\index\controller\Findpwd.php ]
[ info ] [ VIEW ] D:\web\point\public/../module/index\view\findpwd\index.html [ array (
) ]
[ info ] [ LOG ] INIT File
---------------------------------------------------------------
[ 2018-06-05T14:06:44+08:00 ] 127.0.0.1 127.0.0.1 GET /resource/images/bg.jpg
[ info ] 127.0.0.1/resource/images/bg.jpg [运行时间：0.035287s][吞吐率：28.34req/s] [内存消耗：1,443.77kb] [文件加载：40]
[ info ] [ LANG ] D:\web\point\thinkphp\lang\zh-cn.php
[ info ] [ ROUTE ] array (
  'type' => 'module',
  'module' => 
  array (
    0 => 'resource',
    1 => 'images',
    2 => 'bg.jpg',
  ),
)
[ info ] [ HEADER ] array (
  'host' => '127.0.0.1',
  'connection' => 'keep-alive',
  'user-agent' => 'Mozilla/5.0 (iPhone; CPU iPhone OS 10_3 like Mac OS X) AppleWebKit/602.1.50 (KHTML, like Gecko) CriOS/56.0.2924.75 Mobile/14E5239e Safari/602.1',
  'accept' => 'image/webp,image/apng,image/*,*/*;q=0.8',
  'referer' => 'http://127.0.0.1/resource/css/style_info.css',
  'accept-encoding' => 'gzip, deflate, br',
  'accept-language' => 'zh-CN,zh;q=0.9',
  'cookie' => 'UM_distinctid=1621d47490c100d-0eafdf086d227a-2b0c3866-4a640-1621d47490dd28; session_id=26a0b83fde; PHPSESSID=a087mhecd2qsah7uklsav2fp60',
)
[ info ] [ PARAM ] array (
)
[ info ] [ LOG ] INIT File
---------------------------------------------------------------
[ 2018-06-05T18:27:26+08:00 ] 127.0.0.1 127.0.0.1 GET /index/game/index.php
[ info ] 127.0.0.1/index/game/index.php [运行时间：0.060025s][吞吐率：16.66req/s] [内存消耗：1,449.52kb] [文件加载：41]
[ info ] [ LANG ] D:\web\point\thinkphp\lang\zh-cn.php
[ info ] [ ROUTE ] array (
  'type' => 'module',
  'module' => 
  array (
    0 => 'index',
    1 => 'game',
    2 => 'index.php',
  ),
)
[ info ] [ HEADER ] array (
  'host' => '127.0.0.1',
  'connection' => 'keep-alive',
  'user-agent' => 'Mozilla/5.0 (Windows NT 10.0; Win64; x64) AppleWebKit/537.36 (KHTML, like Gecko) Chrome/63.0.3239.108 Safari/537.36',
  'upgrade-insecure-requests' => '1',
  'accept' => 'text/html,application/xhtml+xml,application/xml;q=0.9,image/webp,image/apng,*/*;q=0.8',
  'accept-encoding' => 'gzip, deflate, br',
  'accept-language' => 'zh-CN,zh;q=0.9',
  'cookie' => 'UM_distinctid=1621d47490c100d-0eafdf086d227a-2b0c3866-4a640-1621d47490dd28; session_id=26a0b83fde',
)
[ info ] [ PARAM ] array (
)
[ info ] [ LOG ] INIT File
---------------------------------------------------------------
[ 2018-06-05T18:27:33+08:00 ] 127.0.0.1 127.0.0.1 GET /
[ info ] 127.0.0.1/ [运行时间：0.080495s][吞吐率：12.42req/s] [内存消耗：2,649.80kb] [文件加载：55]
[ info ] [ LANG ] D:\web\point\thinkphp\lang\zh-cn.php
[ info ] [ ROUTE ] array (
  'type' => 'module',
  'module' => 
  array (
    0 => '',
    1 => NULL,
    2 => NULL,
  ),
)
[ info ] [ HEADER ] array (
  'host' => '127.0.0.1',
  'connection' => 'keep-alive',
  'user-agent' => 'Mozilla/5.0 (Windows NT 10.0; Win64; x64) AppleWebKit/537.36 (KHTML, like Gecko) Chrome/63.0.3239.108 Safari/537.36',
  'upgrade-insecure-requests' => '1',
  'accept' => 'text/html,application/xhtml+xml,application/xml;q=0.9,image/webp,image/apng,*/*;q=0.8',
  'accept-encoding' => 'gzip, deflate, br',
  'accept-language' => 'zh-CN,zh;q=0.9',
  'cookie' => 'UM_distinctid=1621d47490c100d-0eafdf086d227a-2b0c3866-4a640-1621d47490dd28; session_id=26a0b83fde',
)
[ info ] [ PARAM ] array (
)
[ info ] [ SESSION ] INIT array (
  'id' => '',
  'var_session_id' => '',
  'prefix' => 'think',
  'type' => '',
  'auto_start' => true,
)
[ info ] [ RUN ] app\index\controller\Index->index[ D:\web\point\module\index\controller\Index.php ]
[ info ] [ DB ] INIT mysql
[ info ] [ VIEW ] D:\web\point\public/../module/index\view\index\index.html [ array (
  0 => 'sowing',
  1 => 'horn',
  2 => 'grade',
  3 => 'bank',
) ]
[ info ] [ LOG ] INIT File
[ sql ] [ DB ] CONNECT:[ UseTime:0.001789s ] mysql:host=127.0.0.1;port=3306;dbname=point;charset=utf8
[ sql ] [ SQL ] SHOW COLUMNS FROM `bank` [ RunTime:0.007916s ]
[ sql ] [ SQL ] SELECT * FROM `bank` [ RunTime:0.000434s ]
[ sql ] [ SQL ] SHOW COLUMNS FROM `horn` [ RunTime:0.007624s ]
[ sql ] [ SQL ] SELECT * FROM `horn` [ RunTime:0.000533s ]
[ sql ] [ SQL ] SHOW COLUMNS FROM `sowing` [ RunTime:0.007792s ]
[ sql ] [ SQL ] SELECT * FROM `sowing` WHERE  `position` = 1 [ RunTime:0.000694s ]
---------------------------------------------------------------
[ 2018-06-05T18:27:33+08:00 ] 127.0.0.1 127.0.0.1 GET /resource/images/loading.gif
[ info ] 127.0.0.1/resource/images/loading.gif [运行时间：0.024668s][吞吐率：40.54req/s] [内存消耗：1,443.66kb] [文件加载：40]
[ info ] [ LANG ] D:\web\point\thinkphp\lang\zh-cn.php
[ info ] [ ROUTE ] array (
  'type' => 'module',
  'module' => 
  array (
    0 => 'resource',
    1 => 'images',
    2 => 'loading.gif',
  ),
)
[ info ] [ HEADER ] array (
  'host' => '127.0.0.1',
  'connection' => 'keep-alive',
  'user-agent' => 'Mozilla/5.0 (Windows NT 10.0; Win64; x64) AppleWebKit/537.36 (KHTML, like Gecko) Chrome/63.0.3239.108 Safari/537.36',
  'accept' => 'image/webp,image/apng,image/*,*/*;q=0.8',
  'referer' => 'http://127.0.0.1/resource/css/style.css',
  'accept-encoding' => 'gzip, deflate, br',
  'accept-language' => 'zh-CN,zh;q=0.9',
  'cookie' => 'UM_distinctid=1621d47490c100d-0eafdf086d227a-2b0c3866-4a640-1621d47490dd28; session_id=26a0b83fde; PHPSESSID=g07ld4b8td4qp27fkqrih118o7',
)
[ info ] [ PARAM ] array (
)
[ info ] [ LOG ] INIT File
---------------------------------------------------------------
[ 2018-06-05T18:27:36+08:00 ] 127.0.0.1 127.0.0.1 GET /index/user/index
[ info ] 127.0.0.1/index/user/index [运行时间：0.036798s][吞吐率：27.18req/s] [内存消耗：1,821.84kb] [文件加载：47]
[ info ] [ LANG ] D:\web\point\thinkphp\lang\zh-cn.php
[ info ] [ ROUTE ] array (
  'type' => 'module',
  'module' => 
  array (
    0 => 'index',
    1 => 'user',
    2 => 'index',
  ),
)
[ info ] [ HEADER ] array (
  'host' => '127.0.0.1',
  'connection' => 'keep-alive',
  'upgrade-insecure-requests' => '1',
  'user-agent' => 'Mozilla/5.0 (iPhone; CPU iPhone OS 10_3 like Mac OS X) AppleWebKit/602.1.50 (KHTML, like Gecko) CriOS/56.0.2924.75 Mobile/14E5239e Safari/602.1',
  'accept' => 'text/html,application/xhtml+xml,application/xml;q=0.9,image/webp,image/apng,*/*;q=0.8',
  'referer' => 'http://127.0.0.1/',
  'accept-encoding' => 'gzip, deflate, br',
  'accept-language' => 'zh-CN,zh;q=0.9',
  'cookie' => 'UM_distinctid=1621d47490c100d-0eafdf086d227a-2b0c3866-4a640-1621d47490dd28; session_id=26a0b83fde; PHPSESSID=g07ld4b8td4qp27fkqrih118o7',
)
[ info ] [ PARAM ] array (
)
[ info ] [ SESSION ] INIT array (
  'id' => '',
  'var_session_id' => '',
  'prefix' => 'think',
  'type' => '',
  'auto_start' => true,
)
[ info ] [ LOG ] INIT File
---------------------------------------------------------------
[ 2018-06-05T18:27:36+08:00 ] 127.0.0.1 127.0.0.1 GET /index/login/index.html
[ info ] 127.0.0.1/index/login/index.html [运行时间：0.033167s][吞吐率：30.15req/s] [内存消耗：1,704.36kb] [文件加载：46]
[ info ] [ LANG ] D:\web\point\thinkphp\lang\zh-cn.php
[ info ] [ ROUTE ] array (
  'type' => 'module',
  'module' => 
  array (
    0 => 'index',
    1 => 'login',
    2 => 'index',
  ),
)
[ info ] [ HEADER ] array (
  'host' => '127.0.0.1',
  'connection' => 'keep-alive',
  'upgrade-insecure-requests' => '1',
  'user-agent' => 'Mozilla/5.0 (iPhone; CPU iPhone OS 10_3 like Mac OS X) AppleWebKit/602.1.50 (KHTML, like Gecko) CriOS/56.0.2924.75 Mobile/14E5239e Safari/602.1',
  'accept' => 'text/html,application/xhtml+xml,application/xml;q=0.9,image/webp,image/apng,*/*;q=0.8',
  'referer' => 'http://127.0.0.1/',
  'accept-encoding' => 'gzip, deflate, br',
  'accept-language' => 'zh-CN,zh;q=0.9',
  'cookie' => 'UM_distinctid=1621d47490c100d-0eafdf086d227a-2b0c3866-4a640-1621d47490dd28; session_id=26a0b83fde; PHPSESSID=g07ld4b8td4qp27fkqrih118o7',
)
[ info ] [ PARAM ] array (
)
[ info ] [ RUN ] app\index\controller\Login->index[ D:\web\point\module\index\controller\Login.php ]
[ info ] [ VIEW ] D:\web\point\public/../module/index\view\login\index.html [ array (
) ]
[ info ] [ LOG ] INIT File
---------------------------------------------------------------
[ 2018-06-05T18:27:36+08:00 ] 127.0.0.1 127.0.0.1 GET /resource/images/bg.jpg
[ info ] 127.0.0.1/resource/images/bg.jpg [运行时间：0.044608s][吞吐率：22.42req/s] [内存消耗：1,443.77kb] [文件加载：40]
[ info ] [ LANG ] D:\web\point\thinkphp\lang\zh-cn.php
[ info ] [ ROUTE ] array (
  'type' => 'module',
  'module' => 
  array (
    0 => 'resource',
    1 => 'images',
    2 => 'bg.jpg',
  ),
)
[ info ] [ HEADER ] array (
  'host' => '127.0.0.1',
  'connection' => 'keep-alive',
  'user-agent' => 'Mozilla/5.0 (iPhone; CPU iPhone OS 10_3 like Mac OS X) AppleWebKit/602.1.50 (KHTML, like Gecko) CriOS/56.0.2924.75 Mobile/14E5239e Safari/602.1',
  'accept' => 'image/webp,image/apng,image/*,*/*;q=0.8',
  'referer' => 'http://127.0.0.1/resource/css/resqyxstyle.css',
  'accept-encoding' => 'gzip, deflate, br',
  'accept-language' => 'zh-CN,zh;q=0.9',
  'cookie' => 'UM_distinctid=1621d47490c100d-0eafdf086d227a-2b0c3866-4a640-1621d47490dd28; session_id=26a0b83fde; PHPSESSID=g07ld4b8td4qp27fkqrih118o7',
)
[ info ] [ PARAM ] array (
)
[ info ] [ LOG ] INIT File
---------------------------------------------------------------
[ 2018-06-05T18:27:36+08:00 ] 127.0.0.1 127.0.0.1 GET /resource/images/i3.png
[ info ] 127.0.0.1/resource/images/i3.png [运行时间：0.052955s][吞吐率：18.88req/s] [内存消耗：1,443.77kb] [文件加载：40]
[ info ] [ LANG ] D:\web\point\thinkphp\lang\zh-cn.php
[ info ] [ ROUTE ] array (
  'type' => 'module',
  'module' => 
  array (
    0 => 'resource',
    1 => 'images',
    2 => 'i3.png',
  ),
)
[ info ] [ HEADER ] array (
  'host' => '127.0.0.1',
  'connection' => 'keep-alive',
  'user-agent' => 'Mozilla/5.0 (iPhone; CPU iPhone OS 10_3 like Mac OS X) AppleWebKit/602.1.50 (KHTML, like Gecko) CriOS/56.0.2924.75 Mobile/14E5239e Safari/602.1',
  'accept' => 'image/webp,image/apng,image/*,*/*;q=0.8',
  'referer' => 'http://127.0.0.1/resource/css/resqyxstyle.css',
  'accept-encoding' => 'gzip, deflate, br',
  'accept-language' => 'zh-CN,zh;q=0.9',
  'cookie' => 'UM_distinctid=1621d47490c100d-0eafdf086d227a-2b0c3866-4a640-1621d47490dd28; session_id=26a0b83fde; PHPSESSID=g07ld4b8td4qp27fkqrih118o7',
)
[ info ] [ PARAM ] array (
)
[ info ] [ LOG ] INIT File
---------------------------------------------------------------
[ 2018-06-05T18:27:38+08:00 ] 127.0.0.1 127.0.0.1 GET /index/findpwd
[ info ] 127.0.0.1/index/findpwd [运行时间：0.036314s][吞吐率：27.54req/s] [内存消耗：1,863.27kb] [文件加载：48]
[ info ] [ LANG ] D:\web\point\thinkphp\lang\zh-cn.php
[ info ] [ ROUTE ] array (
  'type' => 'module',
  'module' => 
  array (
    0 => 'index',
    1 => 'findpwd',
    2 => NULL,
  ),
)
[ info ] [ HEADER ] array (
  'host' => '127.0.0.1',
  'connection' => 'keep-alive',
  'upgrade-insecure-requests' => '1',
  'user-agent' => 'Mozilla/5.0 (iPhone; CPU iPhone OS 10_3 like Mac OS X) AppleWebKit/602.1.50 (KHTML, like Gecko) CriOS/56.0.2924.75 Mobile/14E5239e Safari/602.1',
  'accept' => 'text/html,application/xhtml+xml,application/xml;q=0.9,image/webp,image/apng,*/*;q=0.8',
  'referer' => 'http://127.0.0.1/index/login/index.html',
  'accept-encoding' => 'gzip, deflate, br',
  'accept-language' => 'zh-CN,zh;q=0.9',
  'cookie' => 'UM_distinctid=1621d47490c100d-0eafdf086d227a-2b0c3866-4a640-1621d47490dd28; session_id=26a0b83fde; PHPSESSID=g07ld4b8td4qp27fkqrih118o7',
)
[ info ] [ PARAM ] array (
)
[ info ] [ RUN ] app\index\controller\Findpwd->index[ D:\web\point\module\index\controller\Findpwd.php ]
[ info ] [ VIEW ] D:\web\point\public/../module/index\view\findpwd\index.html [ array (
) ]
[ info ] [ LOG ] INIT File
---------------------------------------------------------------
[ 2018-06-05T18:27:38+08:00 ] 127.0.0.1 127.0.0.1 GET /resource/images/bg.jpg
[ info ] 127.0.0.1/resource/images/bg.jpg [运行时间：0.036730s][吞吐率：27.23req/s] [内存消耗：1,443.77kb] [文件加载：40]
[ info ] [ LANG ] D:\web\point\thinkphp\lang\zh-cn.php
[ info ] [ ROUTE ] array (
  'type' => 'module',
  'module' => 
  array (
    0 => 'resource',
    1 => 'images',
    2 => 'bg.jpg',
  ),
)
[ info ] [ HEADER ] array (
  'host' => '127.0.0.1',
  'connection' => 'keep-alive',
  'user-agent' => 'Mozilla/5.0 (iPhone; CPU iPhone OS 10_3 like Mac OS X) AppleWebKit/602.1.50 (KHTML, like Gecko) CriOS/56.0.2924.75 Mobile/14E5239e Safari/602.1',
  'accept' => 'image/webp,image/apng,image/*,*/*;q=0.8',
  'referer' => 'http://127.0.0.1/resource/css/style_info.css',
  'accept-encoding' => 'gzip, deflate, br',
  'accept-language' => 'zh-CN,zh;q=0.9',
  'cookie' => 'UM_distinctid=1621d47490c100d-0eafdf086d227a-2b0c3866-4a640-1621d47490dd28; session_id=26a0b83fde; PHPSESSID=g07ld4b8td4qp27fkqrih118o7',
)
[ info ] [ PARAM ] array (
)
[ info ] [ LOG ] INIT File
